<?xml version="1.0" encoding="UTF-8"?>
<testsuite name="univr.test.TestRegistrazionePersonaleNonValidaCodFiscale" tests="1" skipped="0" failures="0" errors="0" timestamp="2022-01-25T23:05:18" hostname="WIN-JICLSLCDN3H" time="3.885">
  <properties/>
  <testcase name="testRegistrazionePersonaleNonValidaCodFiscale" classname="univr.test.TestRegistrazionePersonaleNonValidaCodFiscale" time="3.885"/>
  <system-out><![CDATA[2022-01-26 00:05:18.551  INFO 2388 --- [    Test worker] .b.t.c.SpringBootTestContextBootstrapper : Neither @ContextConfiguration nor @ContextHierarchy found for test class [univr.test.TestRegistrazionePersonaleNonValidaCodFiscale], using SpringBootContextLoader
2022-01-26 00:05:18.552  INFO 2388 --- [    Test worker] o.s.t.c.support.AbstractContextLoader    : Could not detect default resource locations for test class [univr.test.TestRegistrazionePersonaleNonValidaCodFiscale]: no resource found for suffixes {-context.xml, Context.groovy}.
2022-01-26 00:05:18.555  INFO 2388 --- [    Test worker] t.c.s.AnnotationConfigContextLoaderUtils : Could not detect default configuration classes for test class [univr.test.TestRegistrazionePersonaleNonValidaCodFiscale]: TestRegistrazionePersonaleNonValidaCodFiscale does not declare any static, non-private, non-final, nested classes annotated with @Configuration.
2022-01-26 00:05:18.561  INFO 2388 --- [    Test worker] .b.t.c.SpringBootTestContextBootstrapper : Found @SpringBootConfiguration univr.ServingWebContentApplication for test class univr.test.TestRegistrazionePersonaleNonValidaCodFiscale
2022-01-26 00:05:18.561  INFO 2388 --- [    Test worker] .b.t.c.SpringBootTestContextBootstrapper : Loaded default TestExecutionListener class names from location [META-INF/spring.factories]: [org.springframework.boot.test.autoconfigure.restdocs.RestDocsTestExecutionListener, org.springframework.boot.test.autoconfigure.web.client.MockRestServiceServerResetTestExecutionListener, org.springframework.boot.test.autoconfigure.web.servlet.MockMvcPrintOnlyOnFailureTestExecutionListener, org.springframework.boot.test.autoconfigure.web.servlet.WebDriverTestExecutionListener, org.springframework.boot.test.autoconfigure.webservices.client.MockWebServiceServerTestExecutionListener, org.springframework.boot.test.mock.mockito.MockitoTestExecutionListener, org.springframework.boot.test.mock.mockito.ResetMocksTestExecutionListener, org.springframework.test.context.web.ServletTestExecutionListener, org.springframework.test.context.support.DirtiesContextBeforeModesTestExecutionListener, org.springframework.test.context.support.DependencyInjectionTestExecutionListener, org.springframework.test.context.support.DirtiesContextTestExecutionListener, org.springframework.test.context.transaction.TransactionalTestExecutionListener, org.springframework.test.context.jdbc.SqlScriptsTestExecutionListener, org.springframework.test.context.event.EventPublishingTestExecutionListener]
2022-01-26 00:05:18.565  INFO 2388 --- [    Test worker] .b.t.c.SpringBootTestContextBootstrapper : Using TestExecutionListeners: [org.springframework.test.context.web.ServletTestExecutionListener@1fd3e4f, org.springframework.test.context.support.DirtiesContextBeforeModesTestExecutionListener@1619b5c, org.springframework.boot.test.mock.mockito.MockitoTestExecutionListener@d29b70, org.springframework.boot.test.autoconfigure.SpringBootDependencyInjectionTestExecutionListener@2da889, org.springframework.test.context.support.DirtiesContextTestExecutionListener@6efb05, org.springframework.test.context.transaction.TransactionalTestExecutionListener@1b8282f, org.springframework.test.context.jdbc.SqlScriptsTestExecutionListener@1ff24f3, org.springframework.test.context.event.EventPublishingTestExecutionListener@2fbae5, org.springframework.boot.test.autoconfigure.restdocs.RestDocsTestExecutionListener@176df76, org.springframework.boot.test.autoconfigure.web.client.MockRestServiceServerResetTestExecutionListener@1bb6ba7, org.springframework.boot.test.autoconfigure.web.servlet.MockMvcPrintOnlyOnFailureTestExecutionListener@12114df, org.springframework.boot.test.autoconfigure.web.servlet.WebDriverTestExecutionListener@a66dcc, org.springframework.boot.test.autoconfigure.webservices.client.MockWebServiceServerTestExecutionListener@1709341, org.springframework.boot.test.mock.mockito.ResetMocksTestExecutionListener@194315b]
]]></system-out>
  <system-err><![CDATA[]]></system-err>
</testsuite>
