<?xml version="1.0" encoding="UTF-8"?>
<testsuite name="univr.test.TestVisualizzaAppuntamentoNonPresente" tests="1" skipped="0" failures="0" errors="0" timestamp="2022-01-25T23:05:46" hostname="WIN-JICLSLCDN3H" time="1.785">
  <properties/>
  <testcase name="testAppuntamentoNonPresente" classname="univr.test.TestVisualizzaAppuntamentoNonPresente" time="1.785"/>
  <system-out><![CDATA[2022-01-26 00:05:46.125  INFO 2388 --- [    Test worker] .b.t.c.SpringBootTestContextBootstrapper : Neither @ContextConfiguration nor @ContextHierarchy found for test class [univr.test.TestVisualizzaAppuntamentoNonPresente], using SpringBootContextLoader
2022-01-26 00:05:46.130  INFO 2388 --- [    Test worker] o.s.t.c.support.AbstractContextLoader    : Could not detect default resource locations for test class [univr.test.TestVisualizzaAppuntamentoNonPresente]: no resource found for suffixes {-context.xml, Context.groovy}.
2022-01-26 00:05:46.130  INFO 2388 --- [    Test worker] t.c.s.AnnotationConfigContextLoaderUtils : Could not detect default configuration classes for test class [univr.test.TestVisualizzaAppuntamentoNonPresente]: TestVisualizzaAppuntamentoNonPresente does not declare any static, non-private, non-final, nested classes annotated with @Configuration.
2022-01-26 00:05:46.134  INFO 2388 --- [    Test worker] .b.t.c.SpringBootTestContextBootstrapper : Found @SpringBootConfiguration univr.ServingWebContentApplication for test class univr.test.TestVisualizzaAppuntamentoNonPresente
2022-01-26 00:05:46.139  INFO 2388 --- [    Test worker] .b.t.c.SpringBootTestContextBootstrapper : Loaded default TestExecutionListener class names from location [META-INF/spring.factories]: [org.springframework.boot.test.autoconfigure.restdocs.RestDocsTestExecutionListener, org.springframework.boot.test.autoconfigure.web.client.MockRestServiceServerResetTestExecutionListener, org.springframework.boot.test.autoconfigure.web.servlet.MockMvcPrintOnlyOnFailureTestExecutionListener, org.springframework.boot.test.autoconfigure.web.servlet.WebDriverTestExecutionListener, org.springframework.boot.test.autoconfigure.webservices.client.MockWebServiceServerTestExecutionListener, org.springframework.boot.test.mock.mockito.MockitoTestExecutionListener, org.springframework.boot.test.mock.mockito.ResetMocksTestExecutionListener, org.springframework.test.context.web.ServletTestExecutionListener, org.springframework.test.context.support.DirtiesContextBeforeModesTestExecutionListener, org.springframework.test.context.support.DependencyInjectionTestExecutionListener, org.springframework.test.context.support.DirtiesContextTestExecutionListener, org.springframework.test.context.transaction.TransactionalTestExecutionListener, org.springframework.test.context.jdbc.SqlScriptsTestExecutionListener, org.springframework.test.context.event.EventPublishingTestExecutionListener]
2022-01-26 00:05:46.139  INFO 2388 --- [    Test worker] .b.t.c.SpringBootTestContextBootstrapper : Using TestExecutionListeners: [org.springframework.test.context.web.ServletTestExecutionListener@234463, org.springframework.test.context.support.DirtiesContextBeforeModesTestExecutionListener@1e66982, org.springframework.boot.test.mock.mockito.MockitoTestExecutionListener@1c222ed, org.springframework.boot.test.autoconfigure.SpringBootDependencyInjectionTestExecutionListener@a7c1c9, org.springframework.test.context.support.DirtiesContextTestExecutionListener@cf93a2, org.springframework.test.context.transaction.TransactionalTestExecutionListener@ff4300, org.springframework.test.context.jdbc.SqlScriptsTestExecutionListener@a6ccb8, org.springframework.test.context.event.EventPublishingTestExecutionListener@43ed6c, org.springframework.boot.test.autoconfigure.restdocs.RestDocsTestExecutionListener@773445, org.springframework.boot.test.autoconfigure.web.client.MockRestServiceServerResetTestExecutionListener@ea94c8, org.springframework.boot.test.autoconfigure.web.servlet.MockMvcPrintOnlyOnFailureTestExecutionListener@1350e1, org.springframework.boot.test.autoconfigure.web.servlet.WebDriverTestExecutionListener@164f9c2, org.springframework.boot.test.autoconfigure.webservices.client.MockWebServiceServerTestExecutionListener@2e37b7, org.springframework.boot.test.mock.mockito.ResetMocksTestExecutionListener@6abb6e]
]]></system-out>
  <system-err><![CDATA[]]></system-err>
</testsuite>
