<?xml version="1.0" encoding="UTF-8"?>
<testsuite name="univr.test.TestVisualizzaAppuntamentoConEntrambiCF" tests="1" skipped="0" failures="0" errors="0" timestamp="2022-01-25T23:05:44" hostname="WIN-JICLSLCDN3H" time="2.045">
  <properties/>
  <testcase name="testValidAppuntamentoEntrambiCF" classname="univr.test.TestVisualizzaAppuntamentoConEntrambiCF" time="2.045"/>
  <system-out><![CDATA[2022-01-26 00:05:44.038  INFO 2388 --- [    Test worker] .b.t.c.SpringBootTestContextBootstrapper : Neither @ContextConfiguration nor @ContextHierarchy found for test class [univr.test.TestVisualizzaAppuntamentoConEntrambiCF], using SpringBootContextLoader
2022-01-26 00:05:44.038  INFO 2388 --- [    Test worker] o.s.t.c.support.AbstractContextLoader    : Could not detect default resource locations for test class [univr.test.TestVisualizzaAppuntamentoConEntrambiCF]: no resource found for suffixes {-context.xml, Context.groovy}.
2022-01-26 00:05:44.038  INFO 2388 --- [    Test worker] t.c.s.AnnotationConfigContextLoaderUtils : Could not detect default configuration classes for test class [univr.test.TestVisualizzaAppuntamentoConEntrambiCF]: TestVisualizzaAppuntamentoConEntrambiCF does not declare any static, non-private, non-final, nested classes annotated with @Configuration.
2022-01-26 00:05:44.058  INFO 2388 --- [    Test worker] .b.t.c.SpringBootTestContextBootstrapper : Found @SpringBootConfiguration univr.ServingWebContentApplication for test class univr.test.TestVisualizzaAppuntamentoConEntrambiCF
2022-01-26 00:05:44.065  INFO 2388 --- [    Test worker] .b.t.c.SpringBootTestContextBootstrapper : Loaded default TestExecutionListener class names from location [META-INF/spring.factories]: [org.springframework.boot.test.autoconfigure.restdocs.RestDocsTestExecutionListener, org.springframework.boot.test.autoconfigure.web.client.MockRestServiceServerResetTestExecutionListener, org.springframework.boot.test.autoconfigure.web.servlet.MockMvcPrintOnlyOnFailureTestExecutionListener, org.springframework.boot.test.autoconfigure.web.servlet.WebDriverTestExecutionListener, org.springframework.boot.test.autoconfigure.webservices.client.MockWebServiceServerTestExecutionListener, org.springframework.boot.test.mock.mockito.MockitoTestExecutionListener, org.springframework.boot.test.mock.mockito.ResetMocksTestExecutionListener, org.springframework.test.context.web.ServletTestExecutionListener, org.springframework.test.context.support.DirtiesContextBeforeModesTestExecutionListener, org.springframework.test.context.support.DependencyInjectionTestExecutionListener, org.springframework.test.context.support.DirtiesContextTestExecutionListener, org.springframework.test.context.transaction.TransactionalTestExecutionListener, org.springframework.test.context.jdbc.SqlScriptsTestExecutionListener, org.springframework.test.context.event.EventPublishingTestExecutionListener]
2022-01-26 00:05:44.066  INFO 2388 --- [    Test worker] .b.t.c.SpringBootTestContextBootstrapper : Using TestExecutionListeners: [org.springframework.test.context.web.ServletTestExecutionListener@7c850c, org.springframework.test.context.support.DirtiesContextBeforeModesTestExecutionListener@6106ae, org.springframework.boot.test.mock.mockito.MockitoTestExecutionListener@60d20d, org.springframework.boot.test.autoconfigure.SpringBootDependencyInjectionTestExecutionListener@11589dc, org.springframework.test.context.support.DirtiesContextTestExecutionListener@1c53f97, org.springframework.test.context.transaction.TransactionalTestExecutionListener@1050a77, org.springframework.test.context.jdbc.SqlScriptsTestExecutionListener@1334560, org.springframework.test.context.event.EventPublishingTestExecutionListener@f96ab3, org.springframework.boot.test.autoconfigure.restdocs.RestDocsTestExecutionListener@50dbfc, org.springframework.boot.test.autoconfigure.web.client.MockRestServiceServerResetTestExecutionListener@1032273, org.springframework.boot.test.autoconfigure.web.servlet.MockMvcPrintOnlyOnFailureTestExecutionListener@6a62b6, org.springframework.boot.test.autoconfigure.web.servlet.WebDriverTestExecutionListener@1772f3a, org.springframework.boot.test.autoconfigure.webservices.client.MockWebServiceServerTestExecutionListener@1949e13, org.springframework.boot.test.mock.mockito.ResetMocksTestExecutionListener@1723ca8]
]]></system-out>
  <system-err><![CDATA[]]></system-err>
</testsuite>
