<?xml version="1.0" encoding="UTF-8"?>
<testsuite name="univr.test.TestRegistrazioneReceptionistValida" tests="1" skipped="0" failures="0" errors="0" timestamp="2022-01-25T23:05:29" hostname="WIN-JICLSLCDN3H" time="3.516">
  <properties/>
  <testcase name="testRegistrazioneReceptionistValida" classname="univr.test.TestRegistrazioneReceptionistValida" time="3.516"/>
  <system-out><![CDATA[2022-01-26 00:05:29.651  INFO 2388 --- [    Test worker] .b.t.c.SpringBootTestContextBootstrapper : Neither @ContextConfiguration nor @ContextHierarchy found for test class [univr.test.TestRegistrazioneReceptionistValida], using SpringBootContextLoader
2022-01-26 00:05:29.655  INFO 2388 --- [    Test worker] o.s.t.c.support.AbstractContextLoader    : Could not detect default resource locations for test class [univr.test.TestRegistrazioneReceptionistValida]: no resource found for suffixes {-context.xml, Context.groovy}.
2022-01-26 00:05:29.655  INFO 2388 --- [    Test worker] t.c.s.AnnotationConfigContextLoaderUtils : Could not detect default configuration classes for test class [univr.test.TestRegistrazioneReceptionistValida]: TestRegistrazioneReceptionistValida does not declare any static, non-private, non-final, nested classes annotated with @Configuration.
2022-01-26 00:05:29.655  INFO 2388 --- [    Test worker] .b.t.c.SpringBootTestContextBootstrapper : Found @SpringBootConfiguration univr.ServingWebContentApplication for test class univr.test.TestRegistrazioneReceptionistValida
2022-01-26 00:05:29.665  INFO 2388 --- [    Test worker] .b.t.c.SpringBootTestContextBootstrapper : Loaded default TestExecutionListener class names from location [META-INF/spring.factories]: [org.springframework.boot.test.autoconfigure.restdocs.RestDocsTestExecutionListener, org.springframework.boot.test.autoconfigure.web.client.MockRestServiceServerResetTestExecutionListener, org.springframework.boot.test.autoconfigure.web.servlet.MockMvcPrintOnlyOnFailureTestExecutionListener, org.springframework.boot.test.autoconfigure.web.servlet.WebDriverTestExecutionListener, org.springframework.boot.test.autoconfigure.webservices.client.MockWebServiceServerTestExecutionListener, org.springframework.boot.test.mock.mockito.MockitoTestExecutionListener, org.springframework.boot.test.mock.mockito.ResetMocksTestExecutionListener, org.springframework.test.context.web.ServletTestExecutionListener, org.springframework.test.context.support.DirtiesContextBeforeModesTestExecutionListener, org.springframework.test.context.support.DependencyInjectionTestExecutionListener, org.springframework.test.context.support.DirtiesContextTestExecutionListener, org.springframework.test.context.transaction.TransactionalTestExecutionListener, org.springframework.test.context.jdbc.SqlScriptsTestExecutionListener, org.springframework.test.context.event.EventPublishingTestExecutionListener]
2022-01-26 00:05:29.665  INFO 2388 --- [    Test worker] .b.t.c.SpringBootTestContextBootstrapper : Using TestExecutionListeners: [org.springframework.test.context.web.ServletTestExecutionListener@17fe47, org.springframework.test.context.support.DirtiesContextBeforeModesTestExecutionListener@1eb81bf, org.springframework.boot.test.mock.mockito.MockitoTestExecutionListener@11047b6, org.springframework.boot.test.autoconfigure.SpringBootDependencyInjectionTestExecutionListener@13d03b0, org.springframework.test.context.support.DirtiesContextTestExecutionListener@4f2596, org.springframework.test.context.transaction.TransactionalTestExecutionListener@164ad19, org.springframework.test.context.jdbc.SqlScriptsTestExecutionListener@2679b4, org.springframework.test.context.event.EventPublishingTestExecutionListener@1c3d983, org.springframework.boot.test.autoconfigure.restdocs.RestDocsTestExecutionListener@633438, org.springframework.boot.test.autoconfigure.web.client.MockRestServiceServerResetTestExecutionListener@3d5e88, org.springframework.boot.test.autoconfigure.web.servlet.MockMvcPrintOnlyOnFailureTestExecutionListener@1fd6562, org.springframework.boot.test.autoconfigure.web.servlet.WebDriverTestExecutionListener@31a7df, org.springframework.boot.test.autoconfigure.webservices.client.MockWebServiceServerTestExecutionListener@1f48595, org.springframework.boot.test.mock.mockito.ResetMocksTestExecutionListener@19b467d]
]]></system-out>
  <system-err><![CDATA[]]></system-err>
</testsuite>
