<?xml version="1.0" encoding="UTF-8"?>
<testsuite name="univr.test.TestSomministrazineCompletata" tests="1" skipped="0" failures="0" errors="0" timestamp="2022-01-25T23:05:33" hostname="WIN-JICLSLCDN3H" time="2.003">
  <properties/>
  <testcase name="testSomministrazineCompletata" classname="univr.test.TestSomministrazineCompletata" time="2.003"/>
  <system-out><![CDATA[2022-01-26 00:05:33.209  INFO 2388 --- [    Test worker] .b.t.c.SpringBootTestContextBootstrapper : Neither @ContextConfiguration nor @ContextHierarchy found for test class [univr.test.TestSomministrazineCompletata], using SpringBootContextLoader
2022-01-26 00:05:33.209  INFO 2388 --- [    Test worker] o.s.t.c.support.AbstractContextLoader    : Could not detect default resource locations for test class [univr.test.TestSomministrazineCompletata]: no resource found for suffixes {-context.xml, Context.groovy}.
2022-01-26 00:05:33.209  INFO 2388 --- [    Test worker] t.c.s.AnnotationConfigContextLoaderUtils : Could not detect default configuration classes for test class [univr.test.TestSomministrazineCompletata]: TestSomministrazineCompletata does not declare any static, non-private, non-final, nested classes annotated with @Configuration.
2022-01-26 00:05:33.222  INFO 2388 --- [    Test worker] .b.t.c.SpringBootTestContextBootstrapper : Found @SpringBootConfiguration univr.ServingWebContentApplication for test class univr.test.TestSomministrazineCompletata
2022-01-26 00:05:33.222  INFO 2388 --- [    Test worker] .b.t.c.SpringBootTestContextBootstrapper : Loaded default TestExecutionListener class names from location [META-INF/spring.factories]: [org.springframework.boot.test.autoconfigure.restdocs.RestDocsTestExecutionListener, org.springframework.boot.test.autoconfigure.web.client.MockRestServiceServerResetTestExecutionListener, org.springframework.boot.test.autoconfigure.web.servlet.MockMvcPrintOnlyOnFailureTestExecutionListener, org.springframework.boot.test.autoconfigure.web.servlet.WebDriverTestExecutionListener, org.springframework.boot.test.autoconfigure.webservices.client.MockWebServiceServerTestExecutionListener, org.springframework.boot.test.mock.mockito.MockitoTestExecutionListener, org.springframework.boot.test.mock.mockito.ResetMocksTestExecutionListener, org.springframework.test.context.web.ServletTestExecutionListener, org.springframework.test.context.support.DirtiesContextBeforeModesTestExecutionListener, org.springframework.test.context.support.DependencyInjectionTestExecutionListener, org.springframework.test.context.support.DirtiesContextTestExecutionListener, org.springframework.test.context.transaction.TransactionalTestExecutionListener, org.springframework.test.context.jdbc.SqlScriptsTestExecutionListener, org.springframework.test.context.event.EventPublishingTestExecutionListener]
2022-01-26 00:05:33.222  INFO 2388 --- [    Test worker] .b.t.c.SpringBootTestContextBootstrapper : Using TestExecutionListeners: [org.springframework.test.context.web.ServletTestExecutionListener@a8e5a3, org.springframework.test.context.support.DirtiesContextBeforeModesTestExecutionListener@866f9b, org.springframework.boot.test.mock.mockito.MockitoTestExecutionListener@95e5fa, org.springframework.boot.test.autoconfigure.SpringBootDependencyInjectionTestExecutionListener@335845, org.springframework.test.context.support.DirtiesContextTestExecutionListener@1d3371d, org.springframework.test.context.transaction.TransactionalTestExecutionListener@70618b, org.springframework.test.context.jdbc.SqlScriptsTestExecutionListener@197feca, org.springframework.test.context.event.EventPublishingTestExecutionListener@14464cd, org.springframework.boot.test.autoconfigure.restdocs.RestDocsTestExecutionListener@16bcf67, org.springframework.boot.test.autoconfigure.web.client.MockRestServiceServerResetTestExecutionListener@109d38, org.springframework.boot.test.autoconfigure.web.servlet.MockMvcPrintOnlyOnFailureTestExecutionListener@17455e, org.springframework.boot.test.autoconfigure.web.servlet.WebDriverTestExecutionListener@ad305d, org.springframework.boot.test.autoconfigure.webservices.client.MockWebServiceServerTestExecutionListener@15cd718, org.springframework.boot.test.mock.mockito.ResetMocksTestExecutionListener@1996f96]
]]></system-out>
  <system-err><![CDATA[]]></system-err>
</testsuite>
