<?xml version="1.0" encoding="UTF-8"?>
<testsuite name="univr.test.TestVisualizzaAppuntamentoConCFPersonale" tests="1" skipped="0" failures="0" errors="0" timestamp="2022-01-25T23:05:42" hostname="WIN-JICLSLCDN3H" time="1.881">
  <properties/>
  <testcase name="testValidAppuntamentoCFPersonale" classname="univr.test.TestVisualizzaAppuntamentoConCFPersonale" time="1.881"/>
  <system-out><![CDATA[2022-01-26 00:05:41.994  INFO 2388 --- [    Test worker] .b.t.c.SpringBootTestContextBootstrapper : Neither @ContextConfiguration nor @ContextHierarchy found for test class [univr.test.TestVisualizzaAppuntamentoConCFPersonale], using SpringBootContextLoader
2022-01-26 00:05:42.011  INFO 2388 --- [    Test worker] o.s.t.c.support.AbstractContextLoader    : Could not detect default resource locations for test class [univr.test.TestVisualizzaAppuntamentoConCFPersonale]: no resource found for suffixes {-context.xml, Context.groovy}.
2022-01-26 00:05:42.011  INFO 2388 --- [    Test worker] t.c.s.AnnotationConfigContextLoaderUtils : Could not detect default configuration classes for test class [univr.test.TestVisualizzaAppuntamentoConCFPersonale]: TestVisualizzaAppuntamentoConCFPersonale does not declare any static, non-private, non-final, nested classes annotated with @Configuration.
2022-01-26 00:05:42.060  INFO 2388 --- [    Test worker] .b.t.c.SpringBootTestContextBootstrapper : Found @SpringBootConfiguration univr.ServingWebContentApplication for test class univr.test.TestVisualizzaAppuntamentoConCFPersonale
2022-01-26 00:05:42.084  INFO 2388 --- [    Test worker] .b.t.c.SpringBootTestContextBootstrapper : Loaded default TestExecutionListener class names from location [META-INF/spring.factories]: [org.springframework.boot.test.autoconfigure.restdocs.RestDocsTestExecutionListener, org.springframework.boot.test.autoconfigure.web.client.MockRestServiceServerResetTestExecutionListener, org.springframework.boot.test.autoconfigure.web.servlet.MockMvcPrintOnlyOnFailureTestExecutionListener, org.springframework.boot.test.autoconfigure.web.servlet.WebDriverTestExecutionListener, org.springframework.boot.test.autoconfigure.webservices.client.MockWebServiceServerTestExecutionListener, org.springframework.boot.test.mock.mockito.MockitoTestExecutionListener, org.springframework.boot.test.mock.mockito.ResetMocksTestExecutionListener, org.springframework.test.context.web.ServletTestExecutionListener, org.springframework.test.context.support.DirtiesContextBeforeModesTestExecutionListener, org.springframework.test.context.support.DependencyInjectionTestExecutionListener, org.springframework.test.context.support.DirtiesContextTestExecutionListener, org.springframework.test.context.transaction.TransactionalTestExecutionListener, org.springframework.test.context.jdbc.SqlScriptsTestExecutionListener, org.springframework.test.context.event.EventPublishingTestExecutionListener]
2022-01-26 00:05:42.097  INFO 2388 --- [    Test worker] .b.t.c.SpringBootTestContextBootstrapper : Using TestExecutionListeners: [org.springframework.test.context.web.ServletTestExecutionListener@174d447, org.springframework.test.context.support.DirtiesContextBeforeModesTestExecutionListener@f84b6f, org.springframework.boot.test.mock.mockito.MockitoTestExecutionListener@188273, org.springframework.boot.test.autoconfigure.SpringBootDependencyInjectionTestExecutionListener@1d79f9a, org.springframework.test.context.support.DirtiesContextTestExecutionListener@2cbacb, org.springframework.test.context.transaction.TransactionalTestExecutionListener@d530d2, org.springframework.test.context.jdbc.SqlScriptsTestExecutionListener@a430a1, org.springframework.test.context.event.EventPublishingTestExecutionListener@1cc4a20, org.springframework.boot.test.autoconfigure.restdocs.RestDocsTestExecutionListener@814430, org.springframework.boot.test.autoconfigure.web.client.MockRestServiceServerResetTestExecutionListener@1f3b792, org.springframework.boot.test.autoconfigure.web.servlet.MockMvcPrintOnlyOnFailureTestExecutionListener@1aaf5, org.springframework.boot.test.autoconfigure.web.servlet.WebDriverTestExecutionListener@14f631f, org.springframework.boot.test.autoconfigure.webservices.client.MockWebServiceServerTestExecutionListener@1e30302, org.springframework.boot.test.mock.mockito.ResetMocksTestExecutionListener@1166ecb]
]]></system-out>
  <system-err><![CDATA[]]></system-err>
</testsuite>
