<?xml version="1.0" encoding="UTF-8"?>
<testsuite name="univr.test.TestSomministrazioneValida" tests="1" skipped="0" failures="0" errors="0" timestamp="2022-01-25T23:05:35" hostname="WIN-JICLSLCDN3H" time="2.875">
  <properties/>
  <testcase name="testSomministrazioneValida" classname="univr.test.TestSomministrazioneValida" time="2.875"/>
  <system-out><![CDATA[2022-01-26 00:05:35.252  INFO 2388 --- [    Test worker] .b.t.c.SpringBootTestContextBootstrapper : Neither @ContextConfiguration nor @ContextHierarchy found for test class [univr.test.TestSomministrazioneValida], using SpringBootContextLoader
2022-01-26 00:05:35.252  INFO 2388 --- [    Test worker] o.s.t.c.support.AbstractContextLoader    : Could not detect default resource locations for test class [univr.test.TestSomministrazioneValida]: no resource found for suffixes {-context.xml, Context.groovy}.
2022-01-26 00:05:35.252  INFO 2388 --- [    Test worker] t.c.s.AnnotationConfigContextLoaderUtils : Could not detect default configuration classes for test class [univr.test.TestSomministrazioneValida]: TestSomministrazioneValida does not declare any static, non-private, non-final, nested classes annotated with @Configuration.
2022-01-26 00:05:35.252  INFO 2388 --- [    Test worker] .b.t.c.SpringBootTestContextBootstrapper : Found @SpringBootConfiguration univr.ServingWebContentApplication for test class univr.test.TestSomministrazioneValida
2022-01-26 00:05:35.264  INFO 2388 --- [    Test worker] .b.t.c.SpringBootTestContextBootstrapper : Loaded default TestExecutionListener class names from location [META-INF/spring.factories]: [org.springframework.boot.test.autoconfigure.restdocs.RestDocsTestExecutionListener, org.springframework.boot.test.autoconfigure.web.client.MockRestServiceServerResetTestExecutionListener, org.springframework.boot.test.autoconfigure.web.servlet.MockMvcPrintOnlyOnFailureTestExecutionListener, org.springframework.boot.test.autoconfigure.web.servlet.WebDriverTestExecutionListener, org.springframework.boot.test.autoconfigure.webservices.client.MockWebServiceServerTestExecutionListener, org.springframework.boot.test.mock.mockito.MockitoTestExecutionListener, org.springframework.boot.test.mock.mockito.ResetMocksTestExecutionListener, org.springframework.test.context.web.ServletTestExecutionListener, org.springframework.test.context.support.DirtiesContextBeforeModesTestExecutionListener, org.springframework.test.context.support.DependencyInjectionTestExecutionListener, org.springframework.test.context.support.DirtiesContextTestExecutionListener, org.springframework.test.context.transaction.TransactionalTestExecutionListener, org.springframework.test.context.jdbc.SqlScriptsTestExecutionListener, org.springframework.test.context.event.EventPublishingTestExecutionListener]
2022-01-26 00:05:35.264  INFO 2388 --- [    Test worker] .b.t.c.SpringBootTestContextBootstrapper : Using TestExecutionListeners: [org.springframework.test.context.web.ServletTestExecutionListener@516894, org.springframework.test.context.support.DirtiesContextBeforeModesTestExecutionListener@1407f0e, org.springframework.boot.test.mock.mockito.MockitoTestExecutionListener@5f4591, org.springframework.boot.test.autoconfigure.SpringBootDependencyInjectionTestExecutionListener@784e7e, org.springframework.test.context.support.DirtiesContextTestExecutionListener@1569c6d, org.springframework.test.context.transaction.TransactionalTestExecutionListener@1722346, org.springframework.test.context.jdbc.SqlScriptsTestExecutionListener@1d386b4, org.springframework.test.context.event.EventPublishingTestExecutionListener@160328e, org.springframework.boot.test.autoconfigure.restdocs.RestDocsTestExecutionListener@2065fb, org.springframework.boot.test.autoconfigure.web.client.MockRestServiceServerResetTestExecutionListener@416ea, org.springframework.boot.test.autoconfigure.web.servlet.MockMvcPrintOnlyOnFailureTestExecutionListener@171d7b8, org.springframework.boot.test.autoconfigure.web.servlet.WebDriverTestExecutionListener@13372da, org.springframework.boot.test.autoconfigure.webservices.client.MockWebServiceServerTestExecutionListener@7dc5fa, org.springframework.boot.test.mock.mockito.ResetMocksTestExecutionListener@e03d19]
]]></system-out>
  <system-err><![CDATA[]]></system-err>
</testsuite>
