<?xml version="1.0" encoding="UTF-8"?>
<testsuite name="univr.test.TestLoginValido" tests="1" skipped="0" failures="0" errors="0" timestamp="2022-01-25T23:05:00" hostname="WIN-JICLSLCDN3H" time="0.945">
  <properties/>
  <testcase name="testLoginValido" classname="univr.test.TestLoginValido" time="0.945"/>
  <system-out><![CDATA[2022-01-26 00:05:00.303  INFO 2388 --- [    Test worker] .b.t.c.SpringBootTestContextBootstrapper : Neither @ContextConfiguration nor @ContextHierarchy found for test class [univr.test.TestLoginValido], using SpringBootContextLoader
2022-01-26 00:05:00.306  INFO 2388 --- [    Test worker] o.s.t.c.support.AbstractContextLoader    : Could not detect default resource locations for test class [univr.test.TestLoginValido]: no resource found for suffixes {-context.xml, Context.groovy}.
2022-01-26 00:05:00.306  INFO 2388 --- [    Test worker] t.c.s.AnnotationConfigContextLoaderUtils : Could not detect default configuration classes for test class [univr.test.TestLoginValido]: TestLoginValido does not declare any static, non-private, non-final, nested classes annotated with @Configuration.
2022-01-26 00:05:00.311  INFO 2388 --- [    Test worker] .b.t.c.SpringBootTestContextBootstrapper : Found @SpringBootConfiguration univr.ServingWebContentApplication for test class univr.test.TestLoginValido
2022-01-26 00:05:00.315  INFO 2388 --- [    Test worker] .b.t.c.SpringBootTestContextBootstrapper : Loaded default TestExecutionListener class names from location [META-INF/spring.factories]: [org.springframework.boot.test.autoconfigure.restdocs.RestDocsTestExecutionListener, org.springframework.boot.test.autoconfigure.web.client.MockRestServiceServerResetTestExecutionListener, org.springframework.boot.test.autoconfigure.web.servlet.MockMvcPrintOnlyOnFailureTestExecutionListener, org.springframework.boot.test.autoconfigure.web.servlet.WebDriverTestExecutionListener, org.springframework.boot.test.autoconfigure.webservices.client.MockWebServiceServerTestExecutionListener, org.springframework.boot.test.mock.mockito.MockitoTestExecutionListener, org.springframework.boot.test.mock.mockito.ResetMocksTestExecutionListener, org.springframework.test.context.web.ServletTestExecutionListener, org.springframework.test.context.support.DirtiesContextBeforeModesTestExecutionListener, org.springframework.test.context.support.DependencyInjectionTestExecutionListener, org.springframework.test.context.support.DirtiesContextTestExecutionListener, org.springframework.test.context.transaction.TransactionalTestExecutionListener, org.springframework.test.context.jdbc.SqlScriptsTestExecutionListener, org.springframework.test.context.event.EventPublishingTestExecutionListener]
2022-01-26 00:05:00.316  INFO 2388 --- [    Test worker] .b.t.c.SpringBootTestContextBootstrapper : Using TestExecutionListeners: [org.springframework.test.context.web.ServletTestExecutionListener@b5ad37, org.springframework.test.context.support.DirtiesContextBeforeModesTestExecutionListener@1d15f80, org.springframework.boot.test.mock.mockito.MockitoTestExecutionListener@1e15db6, org.springframework.boot.test.autoconfigure.SpringBootDependencyInjectionTestExecutionListener@64dcbe, org.springframework.test.context.support.DirtiesContextTestExecutionListener@1dd1950, org.springframework.test.context.transaction.TransactionalTestExecutionListener@3f6bf4, org.springframework.test.context.jdbc.SqlScriptsTestExecutionListener@1709328, org.springframework.test.context.event.EventPublishingTestExecutionListener@1b12f54, org.springframework.boot.test.autoconfigure.restdocs.RestDocsTestExecutionListener@4db86b, org.springframework.boot.test.autoconfigure.web.client.MockRestServiceServerResetTestExecutionListener@11a17dd, org.springframework.boot.test.autoconfigure.web.servlet.MockMvcPrintOnlyOnFailureTestExecutionListener@f82f45, org.springframework.boot.test.autoconfigure.web.servlet.WebDriverTestExecutionListener@756881, org.springframework.boot.test.autoconfigure.webservices.client.MockWebServiceServerTestExecutionListener@1b20dc4, org.springframework.boot.test.mock.mockito.ResetMocksTestExecutionListener@d55410]
]]></system-out>
  <system-err><![CDATA[]]></system-err>
</testsuite>
