<?xml version="1.0" encoding="UTF-8"?>
<testsuite name="univr.test.TestRegistrazionePersonaleValida" tests="1" skipped="0" failures="0" errors="0" timestamp="2022-01-25T23:05:26" hostname="WIN-JICLSLCDN3H" time="3.424">
  <properties/>
  <testcase name="testRegistrazionePersonaleValida" classname="univr.test.TestRegistrazionePersonaleValida" time="3.424"/>
  <system-out><![CDATA[2022-01-26 00:05:26.180  INFO 2388 --- [    Test worker] .b.t.c.SpringBootTestContextBootstrapper : Neither @ContextConfiguration nor @ContextHierarchy found for test class [univr.test.TestRegistrazionePersonaleValida], using SpringBootContextLoader
2022-01-26 00:05:26.194  INFO 2388 --- [    Test worker] o.s.t.c.support.AbstractContextLoader    : Could not detect default resource locations for test class [univr.test.TestRegistrazionePersonaleValida]: no resource found for suffixes {-context.xml, Context.groovy}.
2022-01-26 00:05:26.194  INFO 2388 --- [    Test worker] t.c.s.AnnotationConfigContextLoaderUtils : Could not detect default configuration classes for test class [univr.test.TestRegistrazionePersonaleValida]: TestRegistrazionePersonaleValida does not declare any static, non-private, non-final, nested classes annotated with @Configuration.
2022-01-26 00:05:26.202  INFO 2388 --- [    Test worker] .b.t.c.SpringBootTestContextBootstrapper : Found @SpringBootConfiguration univr.ServingWebContentApplication for test class univr.test.TestRegistrazionePersonaleValida
2022-01-26 00:05:26.210  INFO 2388 --- [    Test worker] .b.t.c.SpringBootTestContextBootstrapper : Loaded default TestExecutionListener class names from location [META-INF/spring.factories]: [org.springframework.boot.test.autoconfigure.restdocs.RestDocsTestExecutionListener, org.springframework.boot.test.autoconfigure.web.client.MockRestServiceServerResetTestExecutionListener, org.springframework.boot.test.autoconfigure.web.servlet.MockMvcPrintOnlyOnFailureTestExecutionListener, org.springframework.boot.test.autoconfigure.web.servlet.WebDriverTestExecutionListener, org.springframework.boot.test.autoconfigure.webservices.client.MockWebServiceServerTestExecutionListener, org.springframework.boot.test.mock.mockito.MockitoTestExecutionListener, org.springframework.boot.test.mock.mockito.ResetMocksTestExecutionListener, org.springframework.test.context.web.ServletTestExecutionListener, org.springframework.test.context.support.DirtiesContextBeforeModesTestExecutionListener, org.springframework.test.context.support.DependencyInjectionTestExecutionListener, org.springframework.test.context.support.DirtiesContextTestExecutionListener, org.springframework.test.context.transaction.TransactionalTestExecutionListener, org.springframework.test.context.jdbc.SqlScriptsTestExecutionListener, org.springframework.test.context.event.EventPublishingTestExecutionListener]
2022-01-26 00:05:26.212  INFO 2388 --- [    Test worker] .b.t.c.SpringBootTestContextBootstrapper : Using TestExecutionListeners: [org.springframework.test.context.web.ServletTestExecutionListener@d2eb60, org.springframework.test.context.support.DirtiesContextBeforeModesTestExecutionListener@1b0e742, org.springframework.boot.test.mock.mockito.MockitoTestExecutionListener@58d453, org.springframework.boot.test.autoconfigure.SpringBootDependencyInjectionTestExecutionListener@eddbc, org.springframework.test.context.support.DirtiesContextTestExecutionListener@10aab76, org.springframework.test.context.transaction.TransactionalTestExecutionListener@1ecd322, org.springframework.test.context.jdbc.SqlScriptsTestExecutionListener@1a66d40, org.springframework.test.context.event.EventPublishingTestExecutionListener@191adb5, org.springframework.boot.test.autoconfigure.restdocs.RestDocsTestExecutionListener@1bae32a, org.springframework.boot.test.autoconfigure.web.client.MockRestServiceServerResetTestExecutionListener@ea5e7c, org.springframework.boot.test.autoconfigure.web.servlet.MockMvcPrintOnlyOnFailureTestExecutionListener@e6f04c, org.springframework.boot.test.autoconfigure.web.servlet.WebDriverTestExecutionListener@b01ee0, org.springframework.boot.test.autoconfigure.webservices.client.MockWebServiceServerTestExecutionListener@990c2f, org.springframework.boot.test.mock.mockito.ResetMocksTestExecutionListener@aab8fe]
]]></system-out>
  <system-err><![CDATA[]]></system-err>
</testsuite>
