<?xml version="1.0" encoding="UTF-8"?>
<testsuite name="univr.test.TestVisualizzaAppuntamento" tests="1" skipped="0" failures="0" errors="0" timestamp="2022-01-25T23:05:38" hostname="WIN-JICLSLCDN3H" time="1.605">
  <properties/>
  <testcase name="testVisualizzaAppuntamento" classname="univr.test.TestVisualizzaAppuntamento" time="1.605"/>
  <system-out><![CDATA[2022-01-26 00:05:38.162  INFO 2388 --- [    Test worker] .b.t.c.SpringBootTestContextBootstrapper : Neither @ContextConfiguration nor @ContextHierarchy found for test class [univr.test.TestVisualizzaAppuntamento], using SpringBootContextLoader
2022-01-26 00:05:38.167  INFO 2388 --- [    Test worker] o.s.t.c.support.AbstractContextLoader    : Could not detect default resource locations for test class [univr.test.TestVisualizzaAppuntamento]: no resource found for suffixes {-context.xml, Context.groovy}.
2022-01-26 00:05:38.167  INFO 2388 --- [    Test worker] t.c.s.AnnotationConfigContextLoaderUtils : Could not detect default configuration classes for test class [univr.test.TestVisualizzaAppuntamento]: TestVisualizzaAppuntamento does not declare any static, non-private, non-final, nested classes annotated with @Configuration.
2022-01-26 00:05:38.168  INFO 2388 --- [    Test worker] .b.t.c.SpringBootTestContextBootstrapper : Found @SpringBootConfiguration univr.ServingWebContentApplication for test class univr.test.TestVisualizzaAppuntamento
2022-01-26 00:05:38.178  INFO 2388 --- [    Test worker] .b.t.c.SpringBootTestContextBootstrapper : Loaded default TestExecutionListener class names from location [META-INF/spring.factories]: [org.springframework.boot.test.autoconfigure.restdocs.RestDocsTestExecutionListener, org.springframework.boot.test.autoconfigure.web.client.MockRestServiceServerResetTestExecutionListener, org.springframework.boot.test.autoconfigure.web.servlet.MockMvcPrintOnlyOnFailureTestExecutionListener, org.springframework.boot.test.autoconfigure.web.servlet.WebDriverTestExecutionListener, org.springframework.boot.test.autoconfigure.webservices.client.MockWebServiceServerTestExecutionListener, org.springframework.boot.test.mock.mockito.MockitoTestExecutionListener, org.springframework.boot.test.mock.mockito.ResetMocksTestExecutionListener, org.springframework.test.context.web.ServletTestExecutionListener, org.springframework.test.context.support.DirtiesContextBeforeModesTestExecutionListener, org.springframework.test.context.support.DependencyInjectionTestExecutionListener, org.springframework.test.context.support.DirtiesContextTestExecutionListener, org.springframework.test.context.transaction.TransactionalTestExecutionListener, org.springframework.test.context.jdbc.SqlScriptsTestExecutionListener, org.springframework.test.context.event.EventPublishingTestExecutionListener]
2022-01-26 00:05:38.180  INFO 2388 --- [    Test worker] .b.t.c.SpringBootTestContextBootstrapper : Using TestExecutionListeners: [org.springframework.test.context.web.ServletTestExecutionListener@1421774, org.springframework.test.context.support.DirtiesContextBeforeModesTestExecutionListener@140e96a, org.springframework.boot.test.mock.mockito.MockitoTestExecutionListener@1955ae5, org.springframework.boot.test.autoconfigure.SpringBootDependencyInjectionTestExecutionListener@1fc749, org.springframework.test.context.support.DirtiesContextTestExecutionListener@1fd99c9, org.springframework.test.context.transaction.TransactionalTestExecutionListener@1a43825, org.springframework.test.context.jdbc.SqlScriptsTestExecutionListener@3711c6, org.springframework.test.context.event.EventPublishingTestExecutionListener@6eb846, org.springframework.boot.test.autoconfigure.restdocs.RestDocsTestExecutionListener@1285693, org.springframework.boot.test.autoconfigure.web.client.MockRestServiceServerResetTestExecutionListener@1a721c3, org.springframework.boot.test.autoconfigure.web.servlet.MockMvcPrintOnlyOnFailureTestExecutionListener@1bca610, org.springframework.boot.test.autoconfigure.web.servlet.WebDriverTestExecutionListener@389a9, org.springframework.boot.test.autoconfigure.webservices.client.MockWebServiceServerTestExecutionListener@1ced2f4, org.springframework.boot.test.mock.mockito.ResetMocksTestExecutionListener@1a74137]
]]></system-out>
  <system-err><![CDATA[]]></system-err>
</testsuite>
