<?xml version="1.0" encoding="UTF-8"?>
<testsuite name="univr.test.TestRegistrazionePazienteValida" tests="1" skipped="0" failures="0" errors="0" timestamp="2022-01-25T23:05:14" hostname="WIN-JICLSLCDN3H" time="4.099">
  <properties/>
  <testcase name="testRegistrationePazienteValida" classname="univr.test.TestRegistrazionePazienteValida" time="4.099"/>
  <system-out><![CDATA[2022-01-26 00:05:14.416  INFO 2388 --- [    Test worker] .b.t.c.SpringBootTestContextBootstrapper : Neither @ContextConfiguration nor @ContextHierarchy found for test class [univr.test.TestRegistrazionePazienteValida], using SpringBootContextLoader
2022-01-26 00:05:14.427  INFO 2388 --- [    Test worker] o.s.t.c.support.AbstractContextLoader    : Could not detect default resource locations for test class [univr.test.TestRegistrazionePazienteValida]: no resource found for suffixes {-context.xml, Context.groovy}.
2022-01-26 00:05:14.428  INFO 2388 --- [    Test worker] t.c.s.AnnotationConfigContextLoaderUtils : Could not detect default configuration classes for test class [univr.test.TestRegistrazionePazienteValida]: TestRegistrazionePazienteValida does not declare any static, non-private, non-final, nested classes annotated with @Configuration.
2022-01-26 00:05:14.433  INFO 2388 --- [    Test worker] .b.t.c.SpringBootTestContextBootstrapper : Found @SpringBootConfiguration univr.ServingWebContentApplication for test class univr.test.TestRegistrazionePazienteValida
2022-01-26 00:05:14.440  INFO 2388 --- [    Test worker] .b.t.c.SpringBootTestContextBootstrapper : Loaded default TestExecutionListener class names from location [META-INF/spring.factories]: [org.springframework.boot.test.autoconfigure.restdocs.RestDocsTestExecutionListener, org.springframework.boot.test.autoconfigure.web.client.MockRestServiceServerResetTestExecutionListener, org.springframework.boot.test.autoconfigure.web.servlet.MockMvcPrintOnlyOnFailureTestExecutionListener, org.springframework.boot.test.autoconfigure.web.servlet.WebDriverTestExecutionListener, org.springframework.boot.test.autoconfigure.webservices.client.MockWebServiceServerTestExecutionListener, org.springframework.boot.test.mock.mockito.MockitoTestExecutionListener, org.springframework.boot.test.mock.mockito.ResetMocksTestExecutionListener, org.springframework.test.context.web.ServletTestExecutionListener, org.springframework.test.context.support.DirtiesContextBeforeModesTestExecutionListener, org.springframework.test.context.support.DependencyInjectionTestExecutionListener, org.springframework.test.context.support.DirtiesContextTestExecutionListener, org.springframework.test.context.transaction.TransactionalTestExecutionListener, org.springframework.test.context.jdbc.SqlScriptsTestExecutionListener, org.springframework.test.context.event.EventPublishingTestExecutionListener]
2022-01-26 00:05:14.440  INFO 2388 --- [    Test worker] .b.t.c.SpringBootTestContextBootstrapper : Using TestExecutionListeners: [org.springframework.test.context.web.ServletTestExecutionListener@10ecb30, org.springframework.test.context.support.DirtiesContextBeforeModesTestExecutionListener@fac0ec, org.springframework.boot.test.mock.mockito.MockitoTestExecutionListener@a0712f, org.springframework.boot.test.autoconfigure.SpringBootDependencyInjectionTestExecutionListener@1386395, org.springframework.test.context.support.DirtiesContextTestExecutionListener@6273c9, org.springframework.test.context.transaction.TransactionalTestExecutionListener@b32309, org.springframework.test.context.jdbc.SqlScriptsTestExecutionListener@1a50b39, org.springframework.test.context.event.EventPublishingTestExecutionListener@123eb93, org.springframework.boot.test.autoconfigure.restdocs.RestDocsTestExecutionListener@a037c5, org.springframework.boot.test.autoconfigure.web.client.MockRestServiceServerResetTestExecutionListener@1d2e3f3, org.springframework.boot.test.autoconfigure.web.servlet.MockMvcPrintOnlyOnFailureTestExecutionListener@79d373, org.springframework.boot.test.autoconfigure.web.servlet.WebDriverTestExecutionListener@c4da1c, org.springframework.boot.test.autoconfigure.webservices.client.MockWebServiceServerTestExecutionListener@179c61e, org.springframework.boot.test.mock.mockito.ResetMocksTestExecutionListener@1587939]
]]></system-out>
  <system-err><![CDATA[]]></system-err>
</testsuite>
