<?xml version="1.0" encoding="UTF-8"?>
<testsuite name="univr.test.TestVisualizzaPazientiCF" tests="1" skipped="0" failures="0" errors="0" timestamp="2022-01-25T23:05:51" hostname="WIN-JICLSLCDN3H" time="1.32">
  <properties/>
  <testcase name="testValidaPazienteConCF" classname="univr.test.TestVisualizzaPazientiCF" time="1.32"/>
  <system-out><![CDATA[2022-01-26 00:05:51.315  INFO 2388 --- [    Test worker] .b.t.c.SpringBootTestContextBootstrapper : Neither @ContextConfiguration nor @ContextHierarchy found for test class [univr.test.TestVisualizzaPazientiCF], using SpringBootContextLoader
2022-01-26 00:05:51.316  INFO 2388 --- [    Test worker] o.s.t.c.support.AbstractContextLoader    : Could not detect default resource locations for test class [univr.test.TestVisualizzaPazientiCF]: no resource found for suffixes {-context.xml, Context.groovy}.
2022-01-26 00:05:51.316  INFO 2388 --- [    Test worker] t.c.s.AnnotationConfigContextLoaderUtils : Could not detect default configuration classes for test class [univr.test.TestVisualizzaPazientiCF]: TestVisualizzaPazientiCF does not declare any static, non-private, non-final, nested classes annotated with @Configuration.
2022-01-26 00:05:51.316  INFO 2388 --- [    Test worker] .b.t.c.SpringBootTestContextBootstrapper : Found @SpringBootConfiguration univr.ServingWebContentApplication for test class univr.test.TestVisualizzaPazientiCF
2022-01-26 00:05:51.328  INFO 2388 --- [    Test worker] .b.t.c.SpringBootTestContextBootstrapper : Loaded default TestExecutionListener class names from location [META-INF/spring.factories]: [org.springframework.boot.test.autoconfigure.restdocs.RestDocsTestExecutionListener, org.springframework.boot.test.autoconfigure.web.client.MockRestServiceServerResetTestExecutionListener, org.springframework.boot.test.autoconfigure.web.servlet.MockMvcPrintOnlyOnFailureTestExecutionListener, org.springframework.boot.test.autoconfigure.web.servlet.WebDriverTestExecutionListener, org.springframework.boot.test.autoconfigure.webservices.client.MockWebServiceServerTestExecutionListener, org.springframework.boot.test.mock.mockito.MockitoTestExecutionListener, org.springframework.boot.test.mock.mockito.ResetMocksTestExecutionListener, org.springframework.test.context.web.ServletTestExecutionListener, org.springframework.test.context.support.DirtiesContextBeforeModesTestExecutionListener, org.springframework.test.context.support.DependencyInjectionTestExecutionListener, org.springframework.test.context.support.DirtiesContextTestExecutionListener, org.springframework.test.context.transaction.TransactionalTestExecutionListener, org.springframework.test.context.jdbc.SqlScriptsTestExecutionListener, org.springframework.test.context.event.EventPublishingTestExecutionListener]
2022-01-26 00:05:51.329  INFO 2388 --- [    Test worker] .b.t.c.SpringBootTestContextBootstrapper : Using TestExecutionListeners: [org.springframework.test.context.web.ServletTestExecutionListener@19a4345, org.springframework.test.context.support.DirtiesContextBeforeModesTestExecutionListener@a890b4, org.springframework.boot.test.mock.mockito.MockitoTestExecutionListener@1954b70, org.springframework.boot.test.autoconfigure.SpringBootDependencyInjectionTestExecutionListener@747f27, org.springframework.test.context.support.DirtiesContextTestExecutionListener@1578e87, org.springframework.test.context.transaction.TransactionalTestExecutionListener@1649de9, org.springframework.test.context.jdbc.SqlScriptsTestExecutionListener@17957e, org.springframework.test.context.event.EventPublishingTestExecutionListener@1ed459c, org.springframework.boot.test.autoconfigure.restdocs.RestDocsTestExecutionListener@5c4d0, org.springframework.boot.test.autoconfigure.web.client.MockRestServiceServerResetTestExecutionListener@1c397ec, org.springframework.boot.test.autoconfigure.web.servlet.MockMvcPrintOnlyOnFailureTestExecutionListener@1174a4f, org.springframework.boot.test.autoconfigure.web.servlet.WebDriverTestExecutionListener@1f27d4, org.springframework.boot.test.autoconfigure.webservices.client.MockWebServiceServerTestExecutionListener@7a50c3, org.springframework.boot.test.mock.mockito.ResetMocksTestExecutionListener@13fc397]
]]></system-out>
  <system-err><![CDATA[]]></system-err>
</testsuite>
