<?xml version="1.0" encoding="UTF-8"?>
<testsuite name="univr.test.TestLoginNonValidoPassword" tests="1" skipped="0" failures="0" errors="0" timestamp="2022-01-25T23:04:58" hostname="WIN-JICLSLCDN3H" time="0.981">
  <properties/>
  <testcase name="testNotValidLoginPassword" classname="univr.test.TestLoginNonValidoPassword" time="0.981"/>
  <system-out><![CDATA[2022-01-26 00:04:58.344  INFO 2388 --- [    Test worker] .b.t.c.SpringBootTestContextBootstrapper : Neither @ContextConfiguration nor @ContextHierarchy found for test class [univr.test.TestLoginNonValidoPassword], using SpringBootContextLoader
2022-01-26 00:04:58.345  INFO 2388 --- [    Test worker] o.s.t.c.support.AbstractContextLoader    : Could not detect default resource locations for test class [univr.test.TestLoginNonValidoPassword]: no resource found for suffixes {-context.xml, Context.groovy}.
2022-01-26 00:04:58.346  INFO 2388 --- [    Test worker] t.c.s.AnnotationConfigContextLoaderUtils : Could not detect default configuration classes for test class [univr.test.TestLoginNonValidoPassword]: TestLoginNonValidoPassword does not declare any static, non-private, non-final, nested classes annotated with @Configuration.
2022-01-26 00:04:58.346  INFO 2388 --- [    Test worker] .b.t.c.SpringBootTestContextBootstrapper : Found @SpringBootConfiguration univr.ServingWebContentApplication for test class univr.test.TestLoginNonValidoPassword
2022-01-26 00:04:58.346  INFO 2388 --- [    Test worker] .b.t.c.SpringBootTestContextBootstrapper : Loaded default TestExecutionListener class names from location [META-INF/spring.factories]: [org.springframework.boot.test.autoconfigure.restdocs.RestDocsTestExecutionListener, org.springframework.boot.test.autoconfigure.web.client.MockRestServiceServerResetTestExecutionListener, org.springframework.boot.test.autoconfigure.web.servlet.MockMvcPrintOnlyOnFailureTestExecutionListener, org.springframework.boot.test.autoconfigure.web.servlet.WebDriverTestExecutionListener, org.springframework.boot.test.autoconfigure.webservices.client.MockWebServiceServerTestExecutionListener, org.springframework.boot.test.mock.mockito.MockitoTestExecutionListener, org.springframework.boot.test.mock.mockito.ResetMocksTestExecutionListener, org.springframework.test.context.web.ServletTestExecutionListener, org.springframework.test.context.support.DirtiesContextBeforeModesTestExecutionListener, org.springframework.test.context.support.DependencyInjectionTestExecutionListener, org.springframework.test.context.support.DirtiesContextTestExecutionListener, org.springframework.test.context.transaction.TransactionalTestExecutionListener, org.springframework.test.context.jdbc.SqlScriptsTestExecutionListener, org.springframework.test.context.event.EventPublishingTestExecutionListener]
2022-01-26 00:04:58.346  INFO 2388 --- [    Test worker] .b.t.c.SpringBootTestContextBootstrapper : Using TestExecutionListeners: [org.springframework.test.context.web.ServletTestExecutionListener@802fc9, org.springframework.test.context.support.DirtiesContextBeforeModesTestExecutionListener@a52268, org.springframework.boot.test.mock.mockito.MockitoTestExecutionListener@4594ae, org.springframework.boot.test.autoconfigure.SpringBootDependencyInjectionTestExecutionListener@9476b, org.springframework.test.context.support.DirtiesContextTestExecutionListener@1cac884, org.springframework.test.context.transaction.TransactionalTestExecutionListener@470d77, org.springframework.test.context.jdbc.SqlScriptsTestExecutionListener@271fb5, org.springframework.test.context.event.EventPublishingTestExecutionListener@ed3445, org.springframework.boot.test.autoconfigure.restdocs.RestDocsTestExecutionListener@1ba4bb4, org.springframework.boot.test.autoconfigure.web.client.MockRestServiceServerResetTestExecutionListener@11ad0c1, org.springframework.boot.test.autoconfigure.web.servlet.MockMvcPrintOnlyOnFailureTestExecutionListener@1ccaee0, org.springframework.boot.test.autoconfigure.web.servlet.WebDriverTestExecutionListener@26ef00, org.springframework.boot.test.autoconfigure.webservices.client.MockWebServiceServerTestExecutionListener@106e55b, org.springframework.boot.test.mock.mockito.ResetMocksTestExecutionListener@d5bfa2]
]]></system-out>
  <system-err><![CDATA[]]></system-err>
</testsuite>
