<?xml version="1.0" encoding="UTF-8"?>
<testsuite name="univr.test.TestRegistrazionePazienteNonValidaUsername" tests="1" skipped="0" failures="0" errors="0" timestamp="2022-01-25T23:05:10" hostname="WIN-JICLSLCDN3H" time="4.197">
  <properties/>
  <testcase name="testRegistrazionePazienteNonValidaUsername" classname="univr.test.TestRegistrazionePazienteNonValidaUsername" time="4.197"/>
  <system-out><![CDATA[2022-01-26 00:05:10.202  INFO 2388 --- [    Test worker] .b.t.c.SpringBootTestContextBootstrapper : Neither @ContextConfiguration nor @ContextHierarchy found for test class [univr.test.TestRegistrazionePazienteNonValidaUsername], using SpringBootContextLoader
2022-01-26 00:05:10.205  INFO 2388 --- [    Test worker] o.s.t.c.support.AbstractContextLoader    : Could not detect default resource locations for test class [univr.test.TestRegistrazionePazienteNonValidaUsername]: no resource found for suffixes {-context.xml, Context.groovy}.
2022-01-26 00:05:10.205  INFO 2388 --- [    Test worker] t.c.s.AnnotationConfigContextLoaderUtils : Could not detect default configuration classes for test class [univr.test.TestRegistrazionePazienteNonValidaUsername]: TestRegistrazionePazienteNonValidaUsername does not declare any static, non-private, non-final, nested classes annotated with @Configuration.
2022-01-26 00:05:10.205  INFO 2388 --- [    Test worker] .b.t.c.SpringBootTestContextBootstrapper : Found @SpringBootConfiguration univr.ServingWebContentApplication for test class univr.test.TestRegistrazionePazienteNonValidaUsername
2022-01-26 00:05:10.205  INFO 2388 --- [    Test worker] .b.t.c.SpringBootTestContextBootstrapper : Loaded default TestExecutionListener class names from location [META-INF/spring.factories]: [org.springframework.boot.test.autoconfigure.restdocs.RestDocsTestExecutionListener, org.springframework.boot.test.autoconfigure.web.client.MockRestServiceServerResetTestExecutionListener, org.springframework.boot.test.autoconfigure.web.servlet.MockMvcPrintOnlyOnFailureTestExecutionListener, org.springframework.boot.test.autoconfigure.web.servlet.WebDriverTestExecutionListener, org.springframework.boot.test.autoconfigure.webservices.client.MockWebServiceServerTestExecutionListener, org.springframework.boot.test.mock.mockito.MockitoTestExecutionListener, org.springframework.boot.test.mock.mockito.ResetMocksTestExecutionListener, org.springframework.test.context.web.ServletTestExecutionListener, org.springframework.test.context.support.DirtiesContextBeforeModesTestExecutionListener, org.springframework.test.context.support.DependencyInjectionTestExecutionListener, org.springframework.test.context.support.DirtiesContextTestExecutionListener, org.springframework.test.context.transaction.TransactionalTestExecutionListener, org.springframework.test.context.jdbc.SqlScriptsTestExecutionListener, org.springframework.test.context.event.EventPublishingTestExecutionListener]
2022-01-26 00:05:10.205  INFO 2388 --- [    Test worker] .b.t.c.SpringBootTestContextBootstrapper : Using TestExecutionListeners: [org.springframework.test.context.web.ServletTestExecutionListener@983776, org.springframework.test.context.support.DirtiesContextBeforeModesTestExecutionListener@d1d364, org.springframework.boot.test.mock.mockito.MockitoTestExecutionListener@6535a7, org.springframework.boot.test.autoconfigure.SpringBootDependencyInjectionTestExecutionListener@1ec6344, org.springframework.test.context.support.DirtiesContextTestExecutionListener@f2d608, org.springframework.test.context.transaction.TransactionalTestExecutionListener@6c7981, org.springframework.test.context.jdbc.SqlScriptsTestExecutionListener@161b0a6, org.springframework.test.context.event.EventPublishingTestExecutionListener@179118d, org.springframework.boot.test.autoconfigure.restdocs.RestDocsTestExecutionListener@11dccfc, org.springframework.boot.test.autoconfigure.web.client.MockRestServiceServerResetTestExecutionListener@ba102f, org.springframework.boot.test.autoconfigure.web.servlet.MockMvcPrintOnlyOnFailureTestExecutionListener@f279de, org.springframework.boot.test.autoconfigure.web.servlet.WebDriverTestExecutionListener@180ed74, org.springframework.boot.test.autoconfigure.webservices.client.MockWebServiceServerTestExecutionListener@7db314, org.springframework.boot.test.mock.mockito.ResetMocksTestExecutionListener@f8f81c]
]]></system-out>
  <system-err><![CDATA[]]></system-err>
</testsuite>
