<?xml version="1.0" encoding="UTF-8"?>
<testsuite name="univr.test.TestRegistrazioneInfermiereValida" tests="1" skipped="0" failures="0" errors="0" timestamp="2022-01-25T23:05:01" hostname="WIN-JICLSLCDN3H" time="4.306">
  <properties/>
  <testcase name="testRegistrazioneInfermiereValida" classname="univr.test.TestRegistrazioneInfermiereValida" time="4.306"/>
  <system-out><![CDATA[2022-01-26 00:05:01.274  INFO 2388 --- [    Test worker] .b.t.c.SpringBootTestContextBootstrapper : Neither @ContextConfiguration nor @ContextHierarchy found for test class [univr.test.TestRegistrazioneInfermiereValida], using SpringBootContextLoader
2022-01-26 00:05:01.274  INFO 2388 --- [    Test worker] o.s.t.c.support.AbstractContextLoader    : Could not detect default resource locations for test class [univr.test.TestRegistrazioneInfermiereValida]: no resource found for suffixes {-context.xml, Context.groovy}.
2022-01-26 00:05:01.274  INFO 2388 --- [    Test worker] t.c.s.AnnotationConfigContextLoaderUtils : Could not detect default configuration classes for test class [univr.test.TestRegistrazioneInfermiereValida]: TestRegistrazioneInfermiereValida does not declare any static, non-private, non-final, nested classes annotated with @Configuration.
2022-01-26 00:05:01.285  INFO 2388 --- [    Test worker] .b.t.c.SpringBootTestContextBootstrapper : Found @SpringBootConfiguration univr.ServingWebContentApplication for test class univr.test.TestRegistrazioneInfermiereValida
2022-01-26 00:05:01.297  INFO 2388 --- [    Test worker] .b.t.c.SpringBootTestContextBootstrapper : Loaded default TestExecutionListener class names from location [META-INF/spring.factories]: [org.springframework.boot.test.autoconfigure.restdocs.RestDocsTestExecutionListener, org.springframework.boot.test.autoconfigure.web.client.MockRestServiceServerResetTestExecutionListener, org.springframework.boot.test.autoconfigure.web.servlet.MockMvcPrintOnlyOnFailureTestExecutionListener, org.springframework.boot.test.autoconfigure.web.servlet.WebDriverTestExecutionListener, org.springframework.boot.test.autoconfigure.webservices.client.MockWebServiceServerTestExecutionListener, org.springframework.boot.test.mock.mockito.MockitoTestExecutionListener, org.springframework.boot.test.mock.mockito.ResetMocksTestExecutionListener, org.springframework.test.context.web.ServletTestExecutionListener, org.springframework.test.context.support.DirtiesContextBeforeModesTestExecutionListener, org.springframework.test.context.support.DependencyInjectionTestExecutionListener, org.springframework.test.context.support.DirtiesContextTestExecutionListener, org.springframework.test.context.transaction.TransactionalTestExecutionListener, org.springframework.test.context.jdbc.SqlScriptsTestExecutionListener, org.springframework.test.context.event.EventPublishingTestExecutionListener]
2022-01-26 00:05:01.298  INFO 2388 --- [    Test worker] .b.t.c.SpringBootTestContextBootstrapper : Using TestExecutionListeners: [org.springframework.test.context.web.ServletTestExecutionListener@c255a5, org.springframework.test.context.support.DirtiesContextBeforeModesTestExecutionListener@639560, org.springframework.boot.test.mock.mockito.MockitoTestExecutionListener@10334c1, org.springframework.boot.test.autoconfigure.SpringBootDependencyInjectionTestExecutionListener@1449690, org.springframework.test.context.support.DirtiesContextTestExecutionListener@1db89e0, org.springframework.test.context.transaction.TransactionalTestExecutionListener@109c7ae, org.springframework.test.context.jdbc.SqlScriptsTestExecutionListener@14a4eb2, org.springframework.test.context.event.EventPublishingTestExecutionListener@f3a41d, org.springframework.boot.test.autoconfigure.restdocs.RestDocsTestExecutionListener@126bc6a, org.springframework.boot.test.autoconfigure.web.client.MockRestServiceServerResetTestExecutionListener@db3257, org.springframework.boot.test.autoconfigure.web.servlet.MockMvcPrintOnlyOnFailureTestExecutionListener@1d7c720, org.springframework.boot.test.autoconfigure.web.servlet.WebDriverTestExecutionListener@b14a0b, org.springframework.boot.test.autoconfigure.webservices.client.MockWebServiceServerTestExecutionListener@28675b, org.springframework.boot.test.mock.mockito.ResetMocksTestExecutionListener@118abc3]
]]></system-out>
  <system-err><![CDATA[]]></system-err>
</testsuite>
