<?xml version="1.0" encoding="UTF-8"?>
<testsuite name="univr.test.TestRegistrazionePazienteNonValidaCodFiscale" tests="1" skipped="0" failures="0" errors="0" timestamp="2022-01-25T23:05:05" hostname="WIN-JICLSLCDN3H" time="4.554">
  <properties/>
  <testcase name="testRegistrazionePazienteNonValidaCodFiscale" classname="univr.test.TestRegistrazionePazienteNonValidaCodFiscale" time="4.554"/>
  <system-out><![CDATA[2022-01-26 00:05:05.628  INFO 2388 --- [    Test worker] .b.t.c.SpringBootTestContextBootstrapper : Neither @ContextConfiguration nor @ContextHierarchy found for test class [univr.test.TestRegistrazionePazienteNonValidaCodFiscale], using SpringBootContextLoader
2022-01-26 00:05:05.628  INFO 2388 --- [    Test worker] o.s.t.c.support.AbstractContextLoader    : Could not detect default resource locations for test class [univr.test.TestRegistrazionePazienteNonValidaCodFiscale]: no resource found for suffixes {-context.xml, Context.groovy}.
2022-01-26 00:05:05.628  INFO 2388 --- [    Test worker] t.c.s.AnnotationConfigContextLoaderUtils : Could not detect default configuration classes for test class [univr.test.TestRegistrazionePazienteNonValidaCodFiscale]: TestRegistrazionePazienteNonValidaCodFiscale does not declare any static, non-private, non-final, nested classes annotated with @Configuration.
2022-01-26 00:05:05.628  INFO 2388 --- [    Test worker] .b.t.c.SpringBootTestContextBootstrapper : Found @SpringBootConfiguration univr.ServingWebContentApplication for test class univr.test.TestRegistrazionePazienteNonValidaCodFiscale
2022-01-26 00:05:05.640  INFO 2388 --- [    Test worker] .b.t.c.SpringBootTestContextBootstrapper : Loaded default TestExecutionListener class names from location [META-INF/spring.factories]: [org.springframework.boot.test.autoconfigure.restdocs.RestDocsTestExecutionListener, org.springframework.boot.test.autoconfigure.web.client.MockRestServiceServerResetTestExecutionListener, org.springframework.boot.test.autoconfigure.web.servlet.MockMvcPrintOnlyOnFailureTestExecutionListener, org.springframework.boot.test.autoconfigure.web.servlet.WebDriverTestExecutionListener, org.springframework.boot.test.autoconfigure.webservices.client.MockWebServiceServerTestExecutionListener, org.springframework.boot.test.mock.mockito.MockitoTestExecutionListener, org.springframework.boot.test.mock.mockito.ResetMocksTestExecutionListener, org.springframework.test.context.web.ServletTestExecutionListener, org.springframework.test.context.support.DirtiesContextBeforeModesTestExecutionListener, org.springframework.test.context.support.DependencyInjectionTestExecutionListener, org.springframework.test.context.support.DirtiesContextTestExecutionListener, org.springframework.test.context.transaction.TransactionalTestExecutionListener, org.springframework.test.context.jdbc.SqlScriptsTestExecutionListener, org.springframework.test.context.event.EventPublishingTestExecutionListener]
2022-01-26 00:05:05.642  INFO 2388 --- [    Test worker] .b.t.c.SpringBootTestContextBootstrapper : Using TestExecutionListeners: [org.springframework.test.context.web.ServletTestExecutionListener@175782, org.springframework.test.context.support.DirtiesContextBeforeModesTestExecutionListener@1ebe112, org.springframework.boot.test.mock.mockito.MockitoTestExecutionListener@1a1bc4c, org.springframework.boot.test.autoconfigure.SpringBootDependencyInjectionTestExecutionListener@62e6fa, org.springframework.test.context.support.DirtiesContextTestExecutionListener@f314b3, org.springframework.test.context.transaction.TransactionalTestExecutionListener@fe9f0e, org.springframework.test.context.jdbc.SqlScriptsTestExecutionListener@dd0481, org.springframework.test.context.event.EventPublishingTestExecutionListener@16b6f56, org.springframework.boot.test.autoconfigure.restdocs.RestDocsTestExecutionListener@16ba104, org.springframework.boot.test.autoconfigure.web.client.MockRestServiceServerResetTestExecutionListener@1b95648, org.springframework.boot.test.autoconfigure.web.servlet.MockMvcPrintOnlyOnFailureTestExecutionListener@1e8a7f2, org.springframework.boot.test.autoconfigure.web.servlet.WebDriverTestExecutionListener@1017846, org.springframework.boot.test.autoconfigure.webservices.client.MockWebServiceServerTestExecutionListener@1ca94e3, org.springframework.boot.test.mock.mockito.ResetMocksTestExecutionListener@2a9284]
]]></system-out>
  <system-err><![CDATA[]]></system-err>
</testsuite>
