<?xml version="1.0" encoding="UTF-8"?>
<testsuite name="univr.test.TestInserimentoAppuntamentoValido" tests="1" skipped="0" failures="0" errors="0" timestamp="2022-01-25T23:04:48" hostname="WIN-JICLSLCDN3H" time="2.797">
  <properties/>
  <testcase name="testInserimentoAppuntamentoValido" classname="univr.test.TestInserimentoAppuntamentoValido" time="2.797"/>
  <system-out><![CDATA[2022-01-26 00:04:48.358  INFO 2388 --- [    Test worker] .b.t.c.SpringBootTestContextBootstrapper : Neither @ContextConfiguration nor @ContextHierarchy found for test class [univr.test.TestInserimentoAppuntamentoValido], using SpringBootContextLoader
2022-01-26 00:04:48.358  INFO 2388 --- [    Test worker] o.s.t.c.support.AbstractContextLoader    : Could not detect default resource locations for test class [univr.test.TestInserimentoAppuntamentoValido]: no resource found for suffixes {-context.xml, Context.groovy}.
2022-01-26 00:04:48.358  INFO 2388 --- [    Test worker] t.c.s.AnnotationConfigContextLoaderUtils : Could not detect default configuration classes for test class [univr.test.TestInserimentoAppuntamentoValido]: TestInserimentoAppuntamentoValido does not declare any static, non-private, non-final, nested classes annotated with @Configuration.
2022-01-26 00:04:48.358  INFO 2388 --- [    Test worker] .b.t.c.SpringBootTestContextBootstrapper : Found @SpringBootConfiguration univr.ServingWebContentApplication for test class univr.test.TestInserimentoAppuntamentoValido
2022-01-26 00:04:48.372  INFO 2388 --- [    Test worker] .b.t.c.SpringBootTestContextBootstrapper : Loaded default TestExecutionListener class names from location [META-INF/spring.factories]: [org.springframework.boot.test.autoconfigure.restdocs.RestDocsTestExecutionListener, org.springframework.boot.test.autoconfigure.web.client.MockRestServiceServerResetTestExecutionListener, org.springframework.boot.test.autoconfigure.web.servlet.MockMvcPrintOnlyOnFailureTestExecutionListener, org.springframework.boot.test.autoconfigure.web.servlet.WebDriverTestExecutionListener, org.springframework.boot.test.autoconfigure.webservices.client.MockWebServiceServerTestExecutionListener, org.springframework.boot.test.mock.mockito.MockitoTestExecutionListener, org.springframework.boot.test.mock.mockito.ResetMocksTestExecutionListener, org.springframework.test.context.web.ServletTestExecutionListener, org.springframework.test.context.support.DirtiesContextBeforeModesTestExecutionListener, org.springframework.test.context.support.DependencyInjectionTestExecutionListener, org.springframework.test.context.support.DirtiesContextTestExecutionListener, org.springframework.test.context.transaction.TransactionalTestExecutionListener, org.springframework.test.context.jdbc.SqlScriptsTestExecutionListener, org.springframework.test.context.event.EventPublishingTestExecutionListener]
2022-01-26 00:04:48.374  INFO 2388 --- [    Test worker] .b.t.c.SpringBootTestContextBootstrapper : Using TestExecutionListeners: [org.springframework.test.context.web.ServletTestExecutionListener@31a3ed, org.springframework.test.context.support.DirtiesContextBeforeModesTestExecutionListener@1c0643, org.springframework.boot.test.mock.mockito.MockitoTestExecutionListener@1aa133e, org.springframework.boot.test.autoconfigure.SpringBootDependencyInjectionTestExecutionListener@1f4486b, org.springframework.test.context.support.DirtiesContextTestExecutionListener@e7ab33, org.springframework.test.context.transaction.TransactionalTestExecutionListener@419ab2, org.springframework.test.context.jdbc.SqlScriptsTestExecutionListener@12d5aa7, org.springframework.test.context.event.EventPublishingTestExecutionListener@be6f9, org.springframework.boot.test.autoconfigure.restdocs.RestDocsTestExecutionListener@18662f8, org.springframework.boot.test.autoconfigure.web.client.MockRestServiceServerResetTestExecutionListener@198f330, org.springframework.boot.test.autoconfigure.web.servlet.MockMvcPrintOnlyOnFailureTestExecutionListener@d377c6, org.springframework.boot.test.autoconfigure.web.servlet.WebDriverTestExecutionListener@1f86d4b, org.springframework.boot.test.autoconfigure.webservices.client.MockWebServiceServerTestExecutionListener@12154ae, org.springframework.boot.test.mock.mockito.ResetMocksTestExecutionListener@1162549]
]]></system-out>
  <system-err><![CDATA[]]></system-err>
</testsuite>
