<?xml version="1.0" encoding="UTF-8"?>
<testsuite name="univr.test.TestVisualizzaAppuntamentoPersonaleNonPresente" tests="1" skipped="0" failures="0" errors="0" timestamp="2022-01-25T23:05:47" hostname="WIN-JICLSLCDN3H" time="1.865">
  <properties/>
  <testcase name="testInserimentoAppuntamentoPersonaleNonPresente" classname="univr.test.TestVisualizzaAppuntamentoPersonaleNonPresente" time="1.865"/>
  <system-out><![CDATA[2022-01-26 00:05:47.939  INFO 2388 --- [    Test worker] .b.t.c.SpringBootTestContextBootstrapper : Neither @ContextConfiguration nor @ContextHierarchy found for test class [univr.test.TestVisualizzaAppuntamentoPersonaleNonPresente], using SpringBootContextLoader
2022-01-26 00:05:47.941  INFO 2388 --- [    Test worker] o.s.t.c.support.AbstractContextLoader    : Could not detect default resource locations for test class [univr.test.TestVisualizzaAppuntamentoPersonaleNonPresente]: no resource found for suffixes {-context.xml, Context.groovy}.
2022-01-26 00:05:47.942  INFO 2388 --- [    Test worker] t.c.s.AnnotationConfigContextLoaderUtils : Could not detect default configuration classes for test class [univr.test.TestVisualizzaAppuntamentoPersonaleNonPresente]: TestVisualizzaAppuntamentoPersonaleNonPresente does not declare any static, non-private, non-final, nested classes annotated with @Configuration.
2022-01-26 00:05:47.945  INFO 2388 --- [    Test worker] .b.t.c.SpringBootTestContextBootstrapper : Found @SpringBootConfiguration univr.ServingWebContentApplication for test class univr.test.TestVisualizzaAppuntamentoPersonaleNonPresente
2022-01-26 00:05:47.950  INFO 2388 --- [    Test worker] .b.t.c.SpringBootTestContextBootstrapper : Loaded default TestExecutionListener class names from location [META-INF/spring.factories]: [org.springframework.boot.test.autoconfigure.restdocs.RestDocsTestExecutionListener, org.springframework.boot.test.autoconfigure.web.client.MockRestServiceServerResetTestExecutionListener, org.springframework.boot.test.autoconfigure.web.servlet.MockMvcPrintOnlyOnFailureTestExecutionListener, org.springframework.boot.test.autoconfigure.web.servlet.WebDriverTestExecutionListener, org.springframework.boot.test.autoconfigure.webservices.client.MockWebServiceServerTestExecutionListener, org.springframework.boot.test.mock.mockito.MockitoTestExecutionListener, org.springframework.boot.test.mock.mockito.ResetMocksTestExecutionListener, org.springframework.test.context.web.ServletTestExecutionListener, org.springframework.test.context.support.DirtiesContextBeforeModesTestExecutionListener, org.springframework.test.context.support.DependencyInjectionTestExecutionListener, org.springframework.test.context.support.DirtiesContextTestExecutionListener, org.springframework.test.context.transaction.TransactionalTestExecutionListener, org.springframework.test.context.jdbc.SqlScriptsTestExecutionListener, org.springframework.test.context.event.EventPublishingTestExecutionListener]
2022-01-26 00:05:47.952  INFO 2388 --- [    Test worker] .b.t.c.SpringBootTestContextBootstrapper : Using TestExecutionListeners: [org.springframework.test.context.web.ServletTestExecutionListener@1e98d15, org.springframework.test.context.support.DirtiesContextBeforeModesTestExecutionListener@c7eabb, org.springframework.boot.test.mock.mockito.MockitoTestExecutionListener@1396201, org.springframework.boot.test.autoconfigure.SpringBootDependencyInjectionTestExecutionListener@1a05687, org.springframework.test.context.support.DirtiesContextTestExecutionListener@9cfdc3, org.springframework.test.context.transaction.TransactionalTestExecutionListener@1ad4599, org.springframework.test.context.jdbc.SqlScriptsTestExecutionListener@11e0a47, org.springframework.test.context.event.EventPublishingTestExecutionListener@736f4d, org.springframework.boot.test.autoconfigure.restdocs.RestDocsTestExecutionListener@120e8a5, org.springframework.boot.test.autoconfigure.web.client.MockRestServiceServerResetTestExecutionListener@aef055, org.springframework.boot.test.autoconfigure.web.servlet.MockMvcPrintOnlyOnFailureTestExecutionListener@1ed9b35, org.springframework.boot.test.autoconfigure.web.servlet.WebDriverTestExecutionListener@f98182, org.springframework.boot.test.autoconfigure.webservices.client.MockWebServiceServerTestExecutionListener@3c33b8, org.springframework.boot.test.mock.mockito.ResetMocksTestExecutionListener@1cf44f2]
]]></system-out>
  <system-err><![CDATA[]]></system-err>
</testsuite>
