<?xml version="1.0" encoding="UTF-8"?>
<testsuite name="univr.test.TestLoginNonValidoUsername" tests="1" skipped="0" failures="0" errors="0" timestamp="2022-01-25T23:04:59" hostname="WIN-JICLSLCDN3H" time="0.916">
  <properties/>
  <testcase name="testNotValidLoginUsername" classname="univr.test.TestLoginNonValidoUsername" time="0.916"/>
  <system-out><![CDATA[2022-01-26 00:04:59.346  INFO 2388 --- [    Test worker] .b.t.c.SpringBootTestContextBootstrapper : Neither @ContextConfiguration nor @ContextHierarchy found for test class [univr.test.TestLoginNonValidoUsername], using SpringBootContextLoader
2022-01-26 00:04:59.346  INFO 2388 --- [    Test worker] o.s.t.c.support.AbstractContextLoader    : Could not detect default resource locations for test class [univr.test.TestLoginNonValidoUsername]: no resource found for suffixes {-context.xml, Context.groovy}.
2022-01-26 00:04:59.346  INFO 2388 --- [    Test worker] t.c.s.AnnotationConfigContextLoaderUtils : Could not detect default configuration classes for test class [univr.test.TestLoginNonValidoUsername]: TestLoginNonValidoUsername does not declare any static, non-private, non-final, nested classes annotated with @Configuration.
2022-01-26 00:04:59.355  INFO 2388 --- [    Test worker] .b.t.c.SpringBootTestContextBootstrapper : Found @SpringBootConfiguration univr.ServingWebContentApplication for test class univr.test.TestLoginNonValidoUsername
2022-01-26 00:04:59.369  INFO 2388 --- [    Test worker] .b.t.c.SpringBootTestContextBootstrapper : Loaded default TestExecutionListener class names from location [META-INF/spring.factories]: [org.springframework.boot.test.autoconfigure.restdocs.RestDocsTestExecutionListener, org.springframework.boot.test.autoconfigure.web.client.MockRestServiceServerResetTestExecutionListener, org.springframework.boot.test.autoconfigure.web.servlet.MockMvcPrintOnlyOnFailureTestExecutionListener, org.springframework.boot.test.autoconfigure.web.servlet.WebDriverTestExecutionListener, org.springframework.boot.test.autoconfigure.webservices.client.MockWebServiceServerTestExecutionListener, org.springframework.boot.test.mock.mockito.MockitoTestExecutionListener, org.springframework.boot.test.mock.mockito.ResetMocksTestExecutionListener, org.springframework.test.context.web.ServletTestExecutionListener, org.springframework.test.context.support.DirtiesContextBeforeModesTestExecutionListener, org.springframework.test.context.support.DependencyInjectionTestExecutionListener, org.springframework.test.context.support.DirtiesContextTestExecutionListener, org.springframework.test.context.transaction.TransactionalTestExecutionListener, org.springframework.test.context.jdbc.SqlScriptsTestExecutionListener, org.springframework.test.context.event.EventPublishingTestExecutionListener]
2022-01-26 00:04:59.370  INFO 2388 --- [    Test worker] .b.t.c.SpringBootTestContextBootstrapper : Using TestExecutionListeners: [org.springframework.test.context.web.ServletTestExecutionListener@102afb0, org.springframework.test.context.support.DirtiesContextBeforeModesTestExecutionListener@1d4a0a7, org.springframework.boot.test.mock.mockito.MockitoTestExecutionListener@1941a3c, org.springframework.boot.test.autoconfigure.SpringBootDependencyInjectionTestExecutionListener@1751604, org.springframework.test.context.support.DirtiesContextTestExecutionListener@10c4af5, org.springframework.test.context.transaction.TransactionalTestExecutionListener@1ff0f6b, org.springframework.test.context.jdbc.SqlScriptsTestExecutionListener@db852, org.springframework.test.context.event.EventPublishingTestExecutionListener@1035561, org.springframework.boot.test.autoconfigure.restdocs.RestDocsTestExecutionListener@5feb16, org.springframework.boot.test.autoconfigure.web.client.MockRestServiceServerResetTestExecutionListener@1643fa1, org.springframework.boot.test.autoconfigure.web.servlet.MockMvcPrintOnlyOnFailureTestExecutionListener@36c8b7, org.springframework.boot.test.autoconfigure.web.servlet.WebDriverTestExecutionListener@1bf3e4d, org.springframework.boot.test.autoconfigure.webservices.client.MockWebServiceServerTestExecutionListener@7b65f7, org.springframework.boot.test.mock.mockito.ResetMocksTestExecutionListener@40d4ee]
]]></system-out>
  <system-err><![CDATA[]]></system-err>
</testsuite>
