<?xml version="1.0" encoding="UTF-8"?>
<testsuite name="univr.test.TestInserimentoFarmaco" tests="1" skipped="0" failures="0" errors="0" timestamp="2022-01-25T23:04:53" hostname="WIN-JICLSLCDN3H" time="2.744">
  <properties/>
  <testcase name="testInserimentoFarmaco" classname="univr.test.TestInserimentoFarmaco" time="2.744"/>
  <system-out><![CDATA[2022-01-26 00:04:53.042  INFO 2388 --- [    Test worker] .b.t.c.SpringBootTestContextBootstrapper : Neither @ContextConfiguration nor @ContextHierarchy found for test class [univr.test.TestInserimentoFarmaco], using SpringBootContextLoader
2022-01-26 00:04:53.043  INFO 2388 --- [    Test worker] o.s.t.c.support.AbstractContextLoader    : Could not detect default resource locations for test class [univr.test.TestInserimentoFarmaco]: no resource found for suffixes {-context.xml, Context.groovy}.
2022-01-26 00:04:53.043  INFO 2388 --- [    Test worker] t.c.s.AnnotationConfigContextLoaderUtils : Could not detect default configuration classes for test class [univr.test.TestInserimentoFarmaco]: TestInserimentoFarmaco does not declare any static, non-private, non-final, nested classes annotated with @Configuration.
2022-01-26 00:04:53.051  INFO 2388 --- [    Test worker] .b.t.c.SpringBootTestContextBootstrapper : Found @SpringBootConfiguration univr.ServingWebContentApplication for test class univr.test.TestInserimentoFarmaco
2022-01-26 00:04:53.053  INFO 2388 --- [    Test worker] .b.t.c.SpringBootTestContextBootstrapper : Loaded default TestExecutionListener class names from location [META-INF/spring.factories]: [org.springframework.boot.test.autoconfigure.restdocs.RestDocsTestExecutionListener, org.springframework.boot.test.autoconfigure.web.client.MockRestServiceServerResetTestExecutionListener, org.springframework.boot.test.autoconfigure.web.servlet.MockMvcPrintOnlyOnFailureTestExecutionListener, org.springframework.boot.test.autoconfigure.web.servlet.WebDriverTestExecutionListener, org.springframework.boot.test.autoconfigure.webservices.client.MockWebServiceServerTestExecutionListener, org.springframework.boot.test.mock.mockito.MockitoTestExecutionListener, org.springframework.boot.test.mock.mockito.ResetMocksTestExecutionListener, org.springframework.test.context.web.ServletTestExecutionListener, org.springframework.test.context.support.DirtiesContextBeforeModesTestExecutionListener, org.springframework.test.context.support.DependencyInjectionTestExecutionListener, org.springframework.test.context.support.DirtiesContextTestExecutionListener, org.springframework.test.context.transaction.TransactionalTestExecutionListener, org.springframework.test.context.jdbc.SqlScriptsTestExecutionListener, org.springframework.test.context.event.EventPublishingTestExecutionListener]
2022-01-26 00:04:53.053  INFO 2388 --- [    Test worker] .b.t.c.SpringBootTestContextBootstrapper : Using TestExecutionListeners: [org.springframework.test.context.web.ServletTestExecutionListener@5206c1, org.springframework.test.context.support.DirtiesContextBeforeModesTestExecutionListener@98fc52, org.springframework.boot.test.mock.mockito.MockitoTestExecutionListener@2af794, org.springframework.boot.test.autoconfigure.SpringBootDependencyInjectionTestExecutionListener@152d5f4, org.springframework.test.context.support.DirtiesContextTestExecutionListener@108aa91, org.springframework.test.context.transaction.TransactionalTestExecutionListener@4daece, org.springframework.test.context.jdbc.SqlScriptsTestExecutionListener@1ea7a84, org.springframework.test.context.event.EventPublishingTestExecutionListener@2ce1b8, org.springframework.boot.test.autoconfigure.restdocs.RestDocsTestExecutionListener@a68bce, org.springframework.boot.test.autoconfigure.web.client.MockRestServiceServerResetTestExecutionListener@15c60ca, org.springframework.boot.test.autoconfigure.web.servlet.MockMvcPrintOnlyOnFailureTestExecutionListener@1ac123f, org.springframework.boot.test.autoconfigure.web.servlet.WebDriverTestExecutionListener@4c1d53, org.springframework.boot.test.autoconfigure.webservices.client.MockWebServiceServerTestExecutionListener@f009af, org.springframework.boot.test.mock.mockito.ResetMocksTestExecutionListener@f87c0b]
]]></system-out>
  <system-err><![CDATA[]]></system-err>
</testsuite>
