<?xml version="1.0" encoding="UTF-8"?>
<testsuite name="univr.test.TestVisualizzaPazienti" tests="1" skipped="0" failures="0" errors="0" timestamp="2022-01-25T23:05:49" hostname="WIN-JICLSLCDN3H" time="1.46">
  <properties/>
  <testcase name="testValidaPazienteCFVuoti" classname="univr.test.TestVisualizzaPazienti" time="1.46"/>
  <system-out><![CDATA[2022-01-26 00:05:49.830  INFO 2388 --- [    Test worker] .b.t.c.SpringBootTestContextBootstrapper : Neither @ContextConfiguration nor @ContextHierarchy found for test class [univr.test.TestVisualizzaPazienti], using SpringBootContextLoader
2022-01-26 00:05:49.833  INFO 2388 --- [    Test worker] o.s.t.c.support.AbstractContextLoader    : Could not detect default resource locations for test class [univr.test.TestVisualizzaPazienti]: no resource found for suffixes {-context.xml, Context.groovy}.
2022-01-26 00:05:49.833  INFO 2388 --- [    Test worker] t.c.s.AnnotationConfigContextLoaderUtils : Could not detect default configuration classes for test class [univr.test.TestVisualizzaPazienti]: TestVisualizzaPazienti does not declare any static, non-private, non-final, nested classes annotated with @Configuration.
2022-01-26 00:05:49.838  INFO 2388 --- [    Test worker] .b.t.c.SpringBootTestContextBootstrapper : Found @SpringBootConfiguration univr.ServingWebContentApplication for test class univr.test.TestVisualizzaPazienti
2022-01-26 00:05:49.842  INFO 2388 --- [    Test worker] .b.t.c.SpringBootTestContextBootstrapper : Loaded default TestExecutionListener class names from location [META-INF/spring.factories]: [org.springframework.boot.test.autoconfigure.restdocs.RestDocsTestExecutionListener, org.springframework.boot.test.autoconfigure.web.client.MockRestServiceServerResetTestExecutionListener, org.springframework.boot.test.autoconfigure.web.servlet.MockMvcPrintOnlyOnFailureTestExecutionListener, org.springframework.boot.test.autoconfigure.web.servlet.WebDriverTestExecutionListener, org.springframework.boot.test.autoconfigure.webservices.client.MockWebServiceServerTestExecutionListener, org.springframework.boot.test.mock.mockito.MockitoTestExecutionListener, org.springframework.boot.test.mock.mockito.ResetMocksTestExecutionListener, org.springframework.test.context.web.ServletTestExecutionListener, org.springframework.test.context.support.DirtiesContextBeforeModesTestExecutionListener, org.springframework.test.context.support.DependencyInjectionTestExecutionListener, org.springframework.test.context.support.DirtiesContextTestExecutionListener, org.springframework.test.context.transaction.TransactionalTestExecutionListener, org.springframework.test.context.jdbc.SqlScriptsTestExecutionListener, org.springframework.test.context.event.EventPublishingTestExecutionListener]
2022-01-26 00:05:49.844  INFO 2388 --- [    Test worker] .b.t.c.SpringBootTestContextBootstrapper : Using TestExecutionListeners: [org.springframework.test.context.web.ServletTestExecutionListener@91e051, org.springframework.test.context.support.DirtiesContextBeforeModesTestExecutionListener@64d75b, org.springframework.boot.test.mock.mockito.MockitoTestExecutionListener@60e80, org.springframework.boot.test.autoconfigure.SpringBootDependencyInjectionTestExecutionListener@1bde4c0, org.springframework.test.context.support.DirtiesContextTestExecutionListener@331f4e, org.springframework.test.context.transaction.TransactionalTestExecutionListener@e1cd1c, org.springframework.test.context.jdbc.SqlScriptsTestExecutionListener@e1b30e, org.springframework.test.context.event.EventPublishingTestExecutionListener@90c0f6, org.springframework.boot.test.autoconfigure.restdocs.RestDocsTestExecutionListener@d97745, org.springframework.boot.test.autoconfigure.web.client.MockRestServiceServerResetTestExecutionListener@4ad2ef, org.springframework.boot.test.autoconfigure.web.servlet.MockMvcPrintOnlyOnFailureTestExecutionListener@1586aeb, org.springframework.boot.test.autoconfigure.web.servlet.WebDriverTestExecutionListener@1c582c6, org.springframework.boot.test.autoconfigure.webservices.client.MockWebServiceServerTestExecutionListener@61b024, org.springframework.boot.test.mock.mockito.ResetMocksTestExecutionListener@fcd16d]
]]></system-out>
  <system-err><![CDATA[]]></system-err>
</testsuite>
