<?xml version="1.0" encoding="UTF-8"?>
<testsuite name="univr.test.TestInserimentoApputamentoNonValidoCodPersonale" tests="1" skipped="0" failures="0" errors="0" timestamp="2022-01-25T23:04:51" hostname="WIN-JICLSLCDN3H" time="1.801">
  <properties/>
  <testcase name="testInserimentoApputamentoNonValidoCodPersonale" classname="univr.test.TestInserimentoApputamentoNonValidoCodPersonale" time="1.801"/>
  <system-out><![CDATA[2022-01-26 00:04:51.196  INFO 2388 --- [    Test worker] .b.t.c.SpringBootTestContextBootstrapper : Neither @ContextConfiguration nor @ContextHierarchy found for test class [univr.test.TestInserimentoApputamentoNonValidoCodPersonale], using SpringBootContextLoader
2022-01-26 00:04:51.205  INFO 2388 --- [    Test worker] o.s.t.c.support.AbstractContextLoader    : Could not detect default resource locations for test class [univr.test.TestInserimentoApputamentoNonValidoCodPersonale]: no resource found for suffixes {-context.xml, Context.groovy}.
2022-01-26 00:04:51.206  INFO 2388 --- [    Test worker] t.c.s.AnnotationConfigContextLoaderUtils : Could not detect default configuration classes for test class [univr.test.TestInserimentoApputamentoNonValidoCodPersonale]: TestInserimentoApputamentoNonValidoCodPersonale does not declare any static, non-private, non-final, nested classes annotated with @Configuration.
2022-01-26 00:04:51.215  INFO 2388 --- [    Test worker] .b.t.c.SpringBootTestContextBootstrapper : Found @SpringBootConfiguration univr.ServingWebContentApplication for test class univr.test.TestInserimentoApputamentoNonValidoCodPersonale
2022-01-26 00:04:51.222  INFO 2388 --- [    Test worker] .b.t.c.SpringBootTestContextBootstrapper : Loaded default TestExecutionListener class names from location [META-INF/spring.factories]: [org.springframework.boot.test.autoconfigure.restdocs.RestDocsTestExecutionListener, org.springframework.boot.test.autoconfigure.web.client.MockRestServiceServerResetTestExecutionListener, org.springframework.boot.test.autoconfigure.web.servlet.MockMvcPrintOnlyOnFailureTestExecutionListener, org.springframework.boot.test.autoconfigure.web.servlet.WebDriverTestExecutionListener, org.springframework.boot.test.autoconfigure.webservices.client.MockWebServiceServerTestExecutionListener, org.springframework.boot.test.mock.mockito.MockitoTestExecutionListener, org.springframework.boot.test.mock.mockito.ResetMocksTestExecutionListener, org.springframework.test.context.web.ServletTestExecutionListener, org.springframework.test.context.support.DirtiesContextBeforeModesTestExecutionListener, org.springframework.test.context.support.DependencyInjectionTestExecutionListener, org.springframework.test.context.support.DirtiesContextTestExecutionListener, org.springframework.test.context.transaction.TransactionalTestExecutionListener, org.springframework.test.context.jdbc.SqlScriptsTestExecutionListener, org.springframework.test.context.event.EventPublishingTestExecutionListener]
2022-01-26 00:04:51.224  INFO 2388 --- [    Test worker] .b.t.c.SpringBootTestContextBootstrapper : Using TestExecutionListeners: [org.springframework.test.context.web.ServletTestExecutionListener@edd712, org.springframework.test.context.support.DirtiesContextBeforeModesTestExecutionListener@9f7f5b, org.springframework.boot.test.mock.mockito.MockitoTestExecutionListener@a2c5a2, org.springframework.boot.test.autoconfigure.SpringBootDependencyInjectionTestExecutionListener@58e13a, org.springframework.test.context.support.DirtiesContextTestExecutionListener@f5e864, org.springframework.test.context.transaction.TransactionalTestExecutionListener@1832e86, org.springframework.test.context.jdbc.SqlScriptsTestExecutionListener@1087281, org.springframework.test.context.event.EventPublishingTestExecutionListener@46146b, org.springframework.boot.test.autoconfigure.restdocs.RestDocsTestExecutionListener@17f6fcf, org.springframework.boot.test.autoconfigure.web.client.MockRestServiceServerResetTestExecutionListener@1a292b8, org.springframework.boot.test.autoconfigure.web.servlet.MockMvcPrintOnlyOnFailureTestExecutionListener@14a65f7, org.springframework.boot.test.autoconfigure.web.servlet.WebDriverTestExecutionListener@1b7d3f9, org.springframework.boot.test.autoconfigure.webservices.client.MockWebServiceServerTestExecutionListener@1ead917, org.springframework.boot.test.mock.mockito.ResetMocksTestExecutionListener@44ab40]
]]></system-out>
  <system-err><![CDATA[]]></system-err>
</testsuite>
