<?xml version="1.0" encoding="UTF-8"?>
<testsuite name="univr.test.TestVisualizzaPazientiNonValido" tests="1" skipped="0" failures="0" errors="0" timestamp="2022-01-25T23:05:52" hostname="WIN-JICLSLCDN3H" time="1.75">
  <properties/>
  <testcase name="testValidaPazienteCFErrato" classname="univr.test.TestVisualizzaPazientiNonValido" time="1.75"/>
  <system-out><![CDATA[2022-01-26 00:05:52.666  INFO 2388 --- [    Test worker] .b.t.c.SpringBootTestContextBootstrapper : Neither @ContextConfiguration nor @ContextHierarchy found for test class [univr.test.TestVisualizzaPazientiNonValido], using SpringBootContextLoader
2022-01-26 00:05:52.669  INFO 2388 --- [    Test worker] o.s.t.c.support.AbstractContextLoader    : Could not detect default resource locations for test class [univr.test.TestVisualizzaPazientiNonValido]: no resource found for suffixes {-context.xml, Context.groovy}.
2022-01-26 00:05:52.669  INFO 2388 --- [    Test worker] t.c.s.AnnotationConfigContextLoaderUtils : Could not detect default configuration classes for test class [univr.test.TestVisualizzaPazientiNonValido]: TestVisualizzaPazientiNonValido does not declare any static, non-private, non-final, nested classes annotated with @Configuration.
2022-01-26 00:05:52.677  INFO 2388 --- [    Test worker] .b.t.c.SpringBootTestContextBootstrapper : Found @SpringBootConfiguration univr.ServingWebContentApplication for test class univr.test.TestVisualizzaPazientiNonValido
2022-01-26 00:05:52.683  INFO 2388 --- [    Test worker] .b.t.c.SpringBootTestContextBootstrapper : Loaded default TestExecutionListener class names from location [META-INF/spring.factories]: [org.springframework.boot.test.autoconfigure.restdocs.RestDocsTestExecutionListener, org.springframework.boot.test.autoconfigure.web.client.MockRestServiceServerResetTestExecutionListener, org.springframework.boot.test.autoconfigure.web.servlet.MockMvcPrintOnlyOnFailureTestExecutionListener, org.springframework.boot.test.autoconfigure.web.servlet.WebDriverTestExecutionListener, org.springframework.boot.test.autoconfigure.webservices.client.MockWebServiceServerTestExecutionListener, org.springframework.boot.test.mock.mockito.MockitoTestExecutionListener, org.springframework.boot.test.mock.mockito.ResetMocksTestExecutionListener, org.springframework.test.context.web.ServletTestExecutionListener, org.springframework.test.context.support.DirtiesContextBeforeModesTestExecutionListener, org.springframework.test.context.support.DependencyInjectionTestExecutionListener, org.springframework.test.context.support.DirtiesContextTestExecutionListener, org.springframework.test.context.transaction.TransactionalTestExecutionListener, org.springframework.test.context.jdbc.SqlScriptsTestExecutionListener, org.springframework.test.context.event.EventPublishingTestExecutionListener]
2022-01-26 00:05:52.685  INFO 2388 --- [    Test worker] .b.t.c.SpringBootTestContextBootstrapper : Using TestExecutionListeners: [org.springframework.test.context.web.ServletTestExecutionListener@d6a7f0, org.springframework.test.context.support.DirtiesContextBeforeModesTestExecutionListener@12a5f0e, org.springframework.boot.test.mock.mockito.MockitoTestExecutionListener@5056f7, org.springframework.boot.test.autoconfigure.SpringBootDependencyInjectionTestExecutionListener@6b0d71, org.springframework.test.context.support.DirtiesContextTestExecutionListener@111dd6b, org.springframework.test.context.transaction.TransactionalTestExecutionListener@182ce8, org.springframework.test.context.jdbc.SqlScriptsTestExecutionListener@2b3232, org.springframework.test.context.event.EventPublishingTestExecutionListener@85ba83, org.springframework.boot.test.autoconfigure.restdocs.RestDocsTestExecutionListener@194ddfd, org.springframework.boot.test.autoconfigure.web.client.MockRestServiceServerResetTestExecutionListener@94cb8b, org.springframework.boot.test.autoconfigure.web.servlet.MockMvcPrintOnlyOnFailureTestExecutionListener@11dd909, org.springframework.boot.test.autoconfigure.web.servlet.WebDriverTestExecutionListener@a5264b, org.springframework.boot.test.autoconfigure.webservices.client.MockWebServiceServerTestExecutionListener@15779d7, org.springframework.boot.test.mock.mockito.ResetMocksTestExecutionListener@16922a5]
]]></system-out>
  <system-err><![CDATA[]]></system-err>
</testsuite>
