<?xml version="1.0" encoding="UTF-8"?>
<testsuite name="univr.test.TestInserimentoFarmavoNonValitoIdFarmacoDuplicatoPerPaziente" tests="1" skipped="0" failures="0" errors="0" timestamp="2022-01-25T23:04:55" hostname="WIN-JICLSLCDN3H" time="2.502">
  <properties/>
  <testcase name="testValidInsertDrugs" classname="univr.test.TestInserimentoFarmavoNonValitoIdFarmacoDuplicatoPerPaziente" time="2.502"/>
  <system-out><![CDATA[2022-01-26 00:04:55.815  INFO 2388 --- [    Test worker] .b.t.c.SpringBootTestContextBootstrapper : Neither @ContextConfiguration nor @ContextHierarchy found for test class [univr.test.TestInserimentoFarmavoNonValitoIdFarmacoDuplicatoPerPaziente], using SpringBootContextLoader
2022-01-26 00:04:55.817  INFO 2388 --- [    Test worker] o.s.t.c.support.AbstractContextLoader    : Could not detect default resource locations for test class [univr.test.TestInserimentoFarmavoNonValitoIdFarmacoDuplicatoPerPaziente]: no resource found for suffixes {-context.xml, Context.groovy}.
2022-01-26 00:04:55.818  INFO 2388 --- [    Test worker] t.c.s.AnnotationConfigContextLoaderUtils : Could not detect default configuration classes for test class [univr.test.TestInserimentoFarmavoNonValitoIdFarmacoDuplicatoPerPaziente]: TestInserimentoFarmavoNonValitoIdFarmacoDuplicatoPerPaziente does not declare any static, non-private, non-final, nested classes annotated with @Configuration.
2022-01-26 00:04:55.818  INFO 2388 --- [    Test worker] .b.t.c.SpringBootTestContextBootstrapper : Found @SpringBootConfiguration univr.ServingWebContentApplication for test class univr.test.TestInserimentoFarmavoNonValitoIdFarmacoDuplicatoPerPaziente
2022-01-26 00:04:55.828  INFO 2388 --- [    Test worker] .b.t.c.SpringBootTestContextBootstrapper : Loaded default TestExecutionListener class names from location [META-INF/spring.factories]: [org.springframework.boot.test.autoconfigure.restdocs.RestDocsTestExecutionListener, org.springframework.boot.test.autoconfigure.web.client.MockRestServiceServerResetTestExecutionListener, org.springframework.boot.test.autoconfigure.web.servlet.MockMvcPrintOnlyOnFailureTestExecutionListener, org.springframework.boot.test.autoconfigure.web.servlet.WebDriverTestExecutionListener, org.springframework.boot.test.autoconfigure.webservices.client.MockWebServiceServerTestExecutionListener, org.springframework.boot.test.mock.mockito.MockitoTestExecutionListener, org.springframework.boot.test.mock.mockito.ResetMocksTestExecutionListener, org.springframework.test.context.web.ServletTestExecutionListener, org.springframework.test.context.support.DirtiesContextBeforeModesTestExecutionListener, org.springframework.test.context.support.DependencyInjectionTestExecutionListener, org.springframework.test.context.support.DirtiesContextTestExecutionListener, org.springframework.test.context.transaction.TransactionalTestExecutionListener, org.springframework.test.context.jdbc.SqlScriptsTestExecutionListener, org.springframework.test.context.event.EventPublishingTestExecutionListener]
2022-01-26 00:04:55.828  INFO 2388 --- [    Test worker] .b.t.c.SpringBootTestContextBootstrapper : Using TestExecutionListeners: [org.springframework.test.context.web.ServletTestExecutionListener@7524d7, org.springframework.test.context.support.DirtiesContextBeforeModesTestExecutionListener@1d63b90, org.springframework.boot.test.mock.mockito.MockitoTestExecutionListener@19c9905, org.springframework.boot.test.autoconfigure.SpringBootDependencyInjectionTestExecutionListener@546e7f, org.springframework.test.context.support.DirtiesContextTestExecutionListener@1cea8fe, org.springframework.test.context.transaction.TransactionalTestExecutionListener@1d4092c, org.springframework.test.context.jdbc.SqlScriptsTestExecutionListener@c1fe62, org.springframework.test.context.event.EventPublishingTestExecutionListener@10b5553, org.springframework.boot.test.autoconfigure.restdocs.RestDocsTestExecutionListener@1708394, org.springframework.boot.test.autoconfigure.web.client.MockRestServiceServerResetTestExecutionListener@da6eff, org.springframework.boot.test.autoconfigure.web.servlet.MockMvcPrintOnlyOnFailureTestExecutionListener@131ada8, org.springframework.boot.test.autoconfigure.web.servlet.WebDriverTestExecutionListener@f1c5d0, org.springframework.boot.test.autoconfigure.webservices.client.MockWebServiceServerTestExecutionListener@1d082b9, org.springframework.boot.test.mock.mockito.ResetMocksTestExecutionListener@50b8aa]
]]></system-out>
  <system-err><![CDATA[]]></system-err>
</testsuite>
