<?xml version="1.0" encoding="UTF-8"?>
<testsuite name="univr.test.TestRegistrazionePersonaleNonValidaUsername" tests="1" skipped="0" failures="0" errors="0" timestamp="2022-01-25T23:05:22" hostname="WIN-JICLSLCDN3H" time="3.678">
  <properties/>
  <testcase name="testRegistrazionePersonaleNonValidaUsername" classname="univr.test.TestRegistrazionePersonaleNonValidaUsername" time="3.678"/>
  <system-out><![CDATA[2022-01-26 00:05:22.470  INFO 2388 --- [    Test worker] .b.t.c.SpringBootTestContextBootstrapper : Neither @ContextConfiguration nor @ContextHierarchy found for test class [univr.test.TestRegistrazionePersonaleNonValidaUsername], using SpringBootContextLoader
2022-01-26 00:05:22.473  INFO 2388 --- [    Test worker] o.s.t.c.support.AbstractContextLoader    : Could not detect default resource locations for test class [univr.test.TestRegistrazionePersonaleNonValidaUsername]: no resource found for suffixes {-context.xml, Context.groovy}.
2022-01-26 00:05:22.473  INFO 2388 --- [    Test worker] t.c.s.AnnotationConfigContextLoaderUtils : Could not detect default configuration classes for test class [univr.test.TestRegistrazionePersonaleNonValidaUsername]: TestRegistrazionePersonaleNonValidaUsername does not declare any static, non-private, non-final, nested classes annotated with @Configuration.
2022-01-26 00:05:22.480  INFO 2388 --- [    Test worker] .b.t.c.SpringBootTestContextBootstrapper : Found @SpringBootConfiguration univr.ServingWebContentApplication for test class univr.test.TestRegistrazionePersonaleNonValidaUsername
2022-01-26 00:05:22.485  INFO 2388 --- [    Test worker] .b.t.c.SpringBootTestContextBootstrapper : Loaded default TestExecutionListener class names from location [META-INF/spring.factories]: [org.springframework.boot.test.autoconfigure.restdocs.RestDocsTestExecutionListener, org.springframework.boot.test.autoconfigure.web.client.MockRestServiceServerResetTestExecutionListener, org.springframework.boot.test.autoconfigure.web.servlet.MockMvcPrintOnlyOnFailureTestExecutionListener, org.springframework.boot.test.autoconfigure.web.servlet.WebDriverTestExecutionListener, org.springframework.boot.test.autoconfigure.webservices.client.MockWebServiceServerTestExecutionListener, org.springframework.boot.test.mock.mockito.MockitoTestExecutionListener, org.springframework.boot.test.mock.mockito.ResetMocksTestExecutionListener, org.springframework.test.context.web.ServletTestExecutionListener, org.springframework.test.context.support.DirtiesContextBeforeModesTestExecutionListener, org.springframework.test.context.support.DependencyInjectionTestExecutionListener, org.springframework.test.context.support.DirtiesContextTestExecutionListener, org.springframework.test.context.transaction.TransactionalTestExecutionListener, org.springframework.test.context.jdbc.SqlScriptsTestExecutionListener, org.springframework.test.context.event.EventPublishingTestExecutionListener]
2022-01-26 00:05:22.486  INFO 2388 --- [    Test worker] .b.t.c.SpringBootTestContextBootstrapper : Using TestExecutionListeners: [org.springframework.test.context.web.ServletTestExecutionListener@f4166b, org.springframework.test.context.support.DirtiesContextBeforeModesTestExecutionListener@fb2872, org.springframework.boot.test.mock.mockito.MockitoTestExecutionListener@149b040, org.springframework.boot.test.autoconfigure.SpringBootDependencyInjectionTestExecutionListener@1eac1b4, org.springframework.test.context.support.DirtiesContextTestExecutionListener@157c62c, org.springframework.test.context.transaction.TransactionalTestExecutionListener@6cd70c, org.springframework.test.context.jdbc.SqlScriptsTestExecutionListener@61ad71, org.springframework.test.context.event.EventPublishingTestExecutionListener@1a532e8, org.springframework.boot.test.autoconfigure.restdocs.RestDocsTestExecutionListener@f2ef56, org.springframework.boot.test.autoconfigure.web.client.MockRestServiceServerResetTestExecutionListener@4c97f3, org.springframework.boot.test.autoconfigure.web.servlet.MockMvcPrintOnlyOnFailureTestExecutionListener@181aeee, org.springframework.boot.test.autoconfigure.web.servlet.WebDriverTestExecutionListener@173e0c4, org.springframework.boot.test.autoconfigure.webservices.client.MockWebServiceServerTestExecutionListener@b42163, org.springframework.boot.test.mock.mockito.ResetMocksTestExecutionListener@91c2c9]
]]></system-out>
  <system-err><![CDATA[]]></system-err>
</testsuite>
